2021-04-21 16:14:53,686:INFO:PyCaret Supervised Module
2021-04-21 16:14:53,686:INFO:ML Usecase: classification
2021-04-21 16:14:53,687:INFO:version 2.3.0
2021-04-21 16:14:53,687:INFO:Initializing setup()
2021-04-21 16:14:53,687:INFO:setup(target=Loan_Status, ml_usecase=classification, available_plots={'parameter': 'Hyperparameters', 'auc': 'AUC', 'confusion_matrix': 'Confusion Matrix', 'threshold': 'Threshold', 'pr': 'Precision Recall', 'error': 'Prediction Error', 'class_report': 'Class Report', 'rfe': 'Feature Selection', 'learning': 'Learning Curve', 'manifold': 'Manifold Learning', 'calibration': 'Calibration Curve', 'vc': 'Validation Curve', 'dimension': 'Dimensions', 'feature': 'Feature Importance', 'feature_all': 'Feature Importance (All)', 'boundary': 'Decision Boundary', 'lift': 'Lift Chart', 'gain': 'Gain Chart', 'tree': 'Decision Tree'}, train_size=0.7, test_data=None, preprocess=True, imputation_type=simple, iterative_imputation_iters=5, categorical_features=None, categorical_imputation=constant, categorical_iterative_imputer=lightgbm, ordinal_features=None, high_cardinality_features=None, high_cardinality_method=frequency, numeric_features=None, numeric_imputation=mean, numeric_iterative_imputer=lightgbm, date_features=None, ignore_features=None, normalize=False, normalize_method=zscore, transformation=False, transformation_method=yeo-johnson, handle_unknown_categorical=True, unknown_categorical_method=least_frequent, pca=False, pca_method=linear, pca_components=None, ignore_low_variance=False, combine_rare_levels=False, rare_level_threshold=0.1, bin_numeric_features=None, remove_outliers=False, outliers_threshold=0.05, remove_multicollinearity=False, multicollinearity_threshold=0.9, remove_perfect_collinearity=True, create_clusters=False, cluster_iter=20, polynomial_features=False, polynomial_degree=2, trigonometry_features=False, polynomial_threshold=0.1, group_features=None, group_names=None, feature_selection=False, feature_selection_threshold=0.8, feature_selection_method=classic, feature_interaction=False, feature_ratio=False, interaction_threshold=0.01, fix_imbalance=False, fix_imbalance_method=None, transform_target=False, transform_target_method=box-cox, data_split_shuffle=True, data_split_stratify=False, fold_strategy=stratifiedkfold, fold=10, fold_shuffle=False, fold_groups=None, n_jobs=-1, use_gpu=False, custom_pipeline=None, html=True, session_id=123, log_experiment=False, experiment_name=None, log_plots=False, log_profile=False, log_data=False, silent=False, verbose=True, profile=False, profile_kwargs=None, display=None)
2021-04-21 16:14:53,688:INFO:Checking environment
2021-04-21 16:14:53,688:INFO:python_version: 3.8.5
2021-04-21 16:14:53,688:INFO:python_build: ('default', 'Sep  3 2020 21:29:08')
2021-04-21 16:14:53,688:INFO:machine: AMD64
2021-04-21 16:14:53,689:INFO:platform: Windows-10-10.0.18362-SP0
2021-04-21 16:14:53,689:INFO:Memory: svmem(total=16790962176, available=4098211840, percent=75.6, used=12692750336, free=4098211840)
2021-04-21 16:14:53,689:INFO:Physical Core: 6
2021-04-21 16:14:53,689:INFO:Logical Core: 12
2021-04-21 16:14:53,689:INFO:Checking libraries
2021-04-21 16:14:53,689:INFO:pd==1.1.3
2021-04-21 16:14:53,689:INFO:numpy==1.19.5
2021-04-21 16:14:53,689:INFO:sklearn==0.23.2
2021-04-21 16:14:53,689:INFO:lightgbm==3.2.0
2021-04-21 16:14:53,690:WARNING:catboost not found
2021-04-21 16:14:53,691:WARNING:xgboost not found
2021-04-21 16:14:54,197:INFO:mlflow==1.15.0
2021-04-21 16:14:54,197:INFO:Checking Exceptions
2021-04-21 16:14:54,197:INFO:Declaring global variables
2021-04-21 16:14:54,197:INFO:USI: 1c1f
2021-04-21 16:14:54,197:INFO:pycaret_globals: {'USI', 'y_test', 'transform_target_method_param', 'gpu_param', 'exp_name_log', 'experiment__', '_ml_usecase', '_gpu_n_jobs_param', 'create_model_container', '_all_metrics', 'html_param', 'display_container', '_internal_pipeline', 'n_jobs_param', 'fold_param', 'seed', 'fold_groups_param', 'stratify_param', 'fold_shuffle_param', 'pycaret_globals', '_all_models_internal', 'iterative_imputation_iters_param', 'data_before_preprocess', 'imputation_regressor', 'transform_target_param', '_available_plots', 'master_model_container', 'X_test', 'target_param', 'imputation_classifier', 'X', 'fix_imbalance_method_param', 'y', 'X_train', '_all_models', 'y_train', 'fold_generator', 'logging_param', 'log_plots_param', 'fix_imbalance_param', 'prep_pipe'}
2021-04-21 16:14:54,197:INFO:Preparing display monitor
2021-04-21 16:14:54,198:INFO:Preparing display monitor
2021-04-21 16:14:54,209:INFO:Importing libraries
2021-04-21 16:14:54,209:INFO:Copying data for preprocessing
2021-04-21 16:14:54,215:INFO:Declaring preprocessing parameters
2021-04-21 16:14:54,216:INFO:Creating preprocessing pipeline
2021-04-21 16:14:54,224:INFO:Preprocessing pipeline created successfully
2021-04-21 16:14:54,224:ERROR:(Process Exit): setup has been interupted with user command 'quit'. setup must rerun.
2021-04-21 16:14:54,224:INFO:Creating global containers
2021-04-21 16:14:54,225:INFO:Internal pipeline: Pipeline(memory=None, steps=[('empty_step', 'passthrough')], verbose=False)
2021-04-21 16:19:36,631:WARNING:Couldn't import xgboost.XGBClassifier
2021-04-21 16:19:36,632:WARNING:Couldn't import catboost.CatBoostClassifier
2021-04-21 16:19:36,708:WARNING:Couldn't import xgboost.XGBClassifier
2021-04-21 16:19:36,708:WARNING:Couldn't import catboost.CatBoostClassifier
2021-04-21 16:19:36,709:INFO:Creating grid variables
2021-04-21 16:19:36,732:INFO:create_model_container: 0
2021-04-21 16:19:36,732:INFO:master_model_container: 0
2021-04-21 16:19:36,732:INFO:display_container: 1
2021-04-21 16:19:36,737:INFO:Pipeline(memory=None,
         steps=[('dtypes',
                 DataTypes_Auto_infer(categorical_features=[],
                                      display_types=True, features_todrop=[],
                                      id_columns=['Unnamed: 0'],
                                      ml_usecase='classification',
                                      numerical_features=[],
                                      target='Loan_Status', time_features=[])),
                ('imputer',
                 Simple_Imputer(categorical_strategy='not_available',
                                fill_value_categorical=None,
                                fill_value_numerical=No...
                ('scaling', 'passthrough'), ('P_transform', 'passthrough'),
                ('binn', 'passthrough'), ('rem_outliers', 'passthrough'),
                ('cluster_all', 'passthrough'),
                ('dummy', Dummify(target='Loan_Status')),
                ('fix_perfect', Remove_100(target='Loan_Status')),
                ('clean_names', Clean_Colum_Names()),
                ('feature_select', 'passthrough'), ('fix_multi', 'passthrough'),
                ('dfs', 'passthrough'), ('pca', 'passthrough')],
         verbose=False)
2021-04-21 16:19:36,737:INFO:setup() succesfully completed......................................
2021-04-21 16:20:39,140:INFO:Initializing compare_models()
2021-04-21 16:20:39,140:INFO:compare_models(include=None, fold=None, round=4, cross_validation=True, sort=Accuracy, n_select=1, budget_time=None, turbo=True, errors=ignore, fit_kwargs=None, groups=None, verbose=True, display=None, exclude=None)
2021-04-21 16:20:39,140:INFO:Checking exceptions
2021-04-21 16:20:39,141:INFO:Preparing display monitor
2021-04-21 16:20:39,141:INFO:Preparing display monitor
2021-04-21 16:20:39,170:INFO:Initializing Logistic Regression
2021-04-21 16:20:39,170:INFO:Total runtime is 0.0 minutes
2021-04-21 16:20:39,178:INFO:SubProcess create_model() called ==================================
2021-04-21 16:20:39,179:INFO:Initializing create_model()
2021-04-21 16:20:39,179:INFO:create_model(estimator=lr, fold=StratifiedKFold(n_splits=10, random_state=None, shuffle=False), round=4, cross_validation=True, predict=True, fit_kwargs={}, groups=None, refit=False, verbose=False, system=False, metrics=None, display=<pycaret.internal.Display.Display object at 0x0000023B7A0DC730>, kwargs={})
2021-04-21 16:20:39,179:INFO:Checking exceptions
2021-04-21 16:20:39,179:INFO:Importing libraries
2021-04-21 16:20:39,179:INFO:Copying training dataset
2021-04-21 16:20:39,180:INFO:Defining folds
2021-04-21 16:20:39,180:INFO:Declaring metric variables
2021-04-21 16:20:39,188:INFO:Importing untrained model
2021-04-21 16:20:39,196:INFO:Logistic Regression Imported succesfully
2021-04-21 16:20:39,212:INFO:Starting cross validation
2021-04-21 16:20:39,213:INFO:Cross validating with StratifiedKFold(n_splits=10, random_state=None, shuffle=False), n_jobs=-1
2021-04-21 16:20:43,613:INFO:Calculating mean and std
2021-04-21 16:20:43,615:INFO:Creating metrics dataframe
2021-04-21 16:20:43,626:INFO:Uploading results into container
2021-04-21 16:20:43,626:INFO:Uploading model into container now
2021-04-21 16:20:43,627:INFO:create_model_container: 1
2021-04-21 16:20:43,627:INFO:master_model_container: 1
2021-04-21 16:20:43,627:INFO:display_container: 2
2021-04-21 16:20:43,628:INFO:LogisticRegression(C=1.0, class_weight=None, dual=False, fit_intercept=True,
                   intercept_scaling=1, l1_ratio=None, max_iter=1000,
                   multi_class='auto', n_jobs=None, penalty='l2',
                   random_state=123, solver='lbfgs', tol=0.0001, verbose=0,
                   warm_start=False)
2021-04-21 16:20:43,628:INFO:create_model() succesfully completed......................................
2021-04-21 16:20:43,726:INFO:SubProcess create_model() end ==================================
2021-04-21 16:20:43,726:INFO:Creating metrics dataframe
2021-04-21 16:20:43,742:INFO:Initializing K Neighbors Classifier
2021-04-21 16:20:43,742:INFO:Total runtime is 0.07621285518010458 minutes
2021-04-21 16:20:43,750:INFO:SubProcess create_model() called ==================================
2021-04-21 16:20:43,750:INFO:Initializing create_model()
2021-04-21 16:20:43,750:INFO:create_model(estimator=knn, fold=StratifiedKFold(n_splits=10, random_state=None, shuffle=False), round=4, cross_validation=True, predict=True, fit_kwargs={}, groups=None, refit=False, verbose=False, system=False, metrics=None, display=<pycaret.internal.Display.Display object at 0x0000023B7A0DC730>, kwargs={})
2021-04-21 16:20:43,750:INFO:Checking exceptions
2021-04-21 16:20:43,751:INFO:Importing libraries
2021-04-21 16:20:43,751:INFO:Copying training dataset
2021-04-21 16:20:43,751:INFO:Defining folds
2021-04-21 16:20:43,751:INFO:Declaring metric variables
2021-04-21 16:20:43,760:INFO:Importing untrained model
2021-04-21 16:20:43,768:INFO:K Neighbors Classifier Imported succesfully
2021-04-21 16:20:43,785:INFO:Starting cross validation
2021-04-21 16:20:43,785:INFO:Cross validating with StratifiedKFold(n_splits=10, random_state=None, shuffle=False), n_jobs=-1
2021-04-21 16:20:45,874:INFO:Calculating mean and std
2021-04-21 16:20:45,875:INFO:Creating metrics dataframe
2021-04-21 16:20:45,879:INFO:Uploading results into container
2021-04-21 16:20:45,879:INFO:Uploading model into container now
2021-04-21 16:20:45,880:INFO:create_model_container: 2
2021-04-21 16:20:45,880:INFO:master_model_container: 2
2021-04-21 16:20:45,880:INFO:display_container: 2
2021-04-21 16:20:45,880:INFO:KNeighborsClassifier(algorithm='auto', leaf_size=30, metric='minkowski',
                     metric_params=None, n_jobs=-1, n_neighbors=5, p=2,
                     weights='uniform')
2021-04-21 16:20:45,880:INFO:create_model() succesfully completed......................................
2021-04-21 16:20:45,951:INFO:SubProcess create_model() end ==================================
2021-04-21 16:20:45,951:INFO:Creating metrics dataframe
2021-04-21 16:20:45,969:INFO:Initializing Naive Bayes
2021-04-21 16:20:45,969:INFO:Total runtime is 0.11333027283350627 minutes
2021-04-21 16:20:45,977:INFO:SubProcess create_model() called ==================================
2021-04-21 16:20:45,977:INFO:Initializing create_model()
2021-04-21 16:20:45,977:INFO:create_model(estimator=nb, fold=StratifiedKFold(n_splits=10, random_state=None, shuffle=False), round=4, cross_validation=True, predict=True, fit_kwargs={}, groups=None, refit=False, verbose=False, system=False, metrics=None, display=<pycaret.internal.Display.Display object at 0x0000023B7A0DC730>, kwargs={})
2021-04-21 16:20:45,977:INFO:Checking exceptions
2021-04-21 16:20:45,977:INFO:Importing libraries
2021-04-21 16:20:45,977:INFO:Copying training dataset
2021-04-21 16:20:45,978:INFO:Defining folds
2021-04-21 16:20:45,978:INFO:Declaring metric variables
2021-04-21 16:20:45,987:INFO:Importing untrained model
2021-04-21 16:20:45,996:INFO:Naive Bayes Imported succesfully
2021-04-21 16:20:46,012:INFO:Starting cross validation
2021-04-21 16:20:46,013:INFO:Cross validating with StratifiedKFold(n_splits=10, random_state=None, shuffle=False), n_jobs=-1
2021-04-21 16:20:46,068:INFO:Calculating mean and std
2021-04-21 16:20:46,068:INFO:Creating metrics dataframe
2021-04-21 16:20:46,072:INFO:Uploading results into container
2021-04-21 16:20:46,072:INFO:Uploading model into container now
2021-04-21 16:20:46,072:INFO:create_model_container: 3
2021-04-21 16:20:46,072:INFO:master_model_container: 3
2021-04-21 16:20:46,072:INFO:display_container: 2
2021-04-21 16:20:46,073:INFO:GaussianNB(priors=None, var_smoothing=1e-09)
2021-04-21 16:20:46,073:INFO:create_model() succesfully completed......................................
2021-04-21 16:20:46,129:INFO:SubProcess create_model() end ==================================
2021-04-21 16:20:46,129:INFO:Creating metrics dataframe
2021-04-21 16:20:46,147:INFO:Initializing Decision Tree Classifier
2021-04-21 16:20:46,147:INFO:Total runtime is 0.11628904740015666 minutes
2021-04-21 16:20:46,155:INFO:SubProcess create_model() called ==================================
2021-04-21 16:20:46,156:INFO:Initializing create_model()
2021-04-21 16:20:46,156:INFO:create_model(estimator=dt, fold=StratifiedKFold(n_splits=10, random_state=None, shuffle=False), round=4, cross_validation=True, predict=True, fit_kwargs={}, groups=None, refit=False, verbose=False, system=False, metrics=None, display=<pycaret.internal.Display.Display object at 0x0000023B7A0DC730>, kwargs={})
2021-04-21 16:20:46,156:INFO:Checking exceptions
2021-04-21 16:20:46,156:INFO:Importing libraries
2021-04-21 16:20:46,156:INFO:Copying training dataset
2021-04-21 16:20:46,157:INFO:Defining folds
2021-04-21 16:20:46,157:INFO:Declaring metric variables
2021-04-21 16:20:46,164:INFO:Importing untrained model
2021-04-21 16:20:46,172:INFO:Decision Tree Classifier Imported succesfully
2021-04-21 16:20:46,188:INFO:Starting cross validation
2021-04-21 16:20:46,189:INFO:Cross validating with StratifiedKFold(n_splits=10, random_state=None, shuffle=False), n_jobs=-1
2021-04-21 16:20:46,249:INFO:Calculating mean and std
2021-04-21 16:20:46,250:INFO:Creating metrics dataframe
2021-04-21 16:20:46,254:INFO:Uploading results into container
2021-04-21 16:20:46,254:INFO:Uploading model into container now
2021-04-21 16:20:46,254:INFO:create_model_container: 4
2021-04-21 16:20:46,254:INFO:master_model_container: 4
2021-04-21 16:20:46,254:INFO:display_container: 2
2021-04-21 16:20:46,255:INFO:DecisionTreeClassifier(ccp_alpha=0.0, class_weight=None, criterion='gini',
                       max_depth=None, max_features=None, max_leaf_nodes=None,
                       min_impurity_decrease=0.0, min_impurity_split=None,
                       min_samples_leaf=1, min_samples_split=2,
                       min_weight_fraction_leaf=0.0, presort='deprecated',
                       random_state=123, splitter='best')
2021-04-21 16:20:46,255:INFO:create_model() succesfully completed......................................
2021-04-21 16:20:46,310:INFO:SubProcess create_model() end ==================================
2021-04-21 16:20:46,310:INFO:Creating metrics dataframe
2021-04-21 16:20:46,327:INFO:Initializing SVM - Linear Kernel
2021-04-21 16:20:46,327:INFO:Total runtime is 0.11929766734441122 minutes
2021-04-21 16:20:46,335:INFO:SubProcess create_model() called ==================================
2021-04-21 16:20:46,335:INFO:Initializing create_model()
2021-04-21 16:20:46,335:INFO:create_model(estimator=svm, fold=StratifiedKFold(n_splits=10, random_state=None, shuffle=False), round=4, cross_validation=True, predict=True, fit_kwargs={}, groups=None, refit=False, verbose=False, system=False, metrics=None, display=<pycaret.internal.Display.Display object at 0x0000023B7A0DC730>, kwargs={})
2021-04-21 16:20:46,336:INFO:Checking exceptions
2021-04-21 16:20:46,336:INFO:Importing libraries
2021-04-21 16:20:46,336:INFO:Copying training dataset
2021-04-21 16:20:46,338:INFO:Defining folds
2021-04-21 16:20:46,338:INFO:Declaring metric variables
2021-04-21 16:20:46,344:INFO:Importing untrained model
2021-04-21 16:20:46,353:INFO:SVM - Linear Kernel Imported succesfully
2021-04-21 16:20:46,369:INFO:Starting cross validation
2021-04-21 16:20:46,370:INFO:Cross validating with StratifiedKFold(n_splits=10, random_state=None, shuffle=False), n_jobs=-1
2021-04-21 16:20:46,429:INFO:Calculating mean and std
2021-04-21 16:20:46,429:INFO:Creating metrics dataframe
2021-04-21 16:20:46,433:INFO:Uploading results into container
2021-04-21 16:20:46,433:INFO:Uploading model into container now
2021-04-21 16:20:46,433:INFO:create_model_container: 5
2021-04-21 16:20:46,433:INFO:master_model_container: 5
2021-04-21 16:20:46,433:INFO:display_container: 2
2021-04-21 16:20:46,434:INFO:SGDClassifier(alpha=0.0001, average=False, class_weight=None,
              early_stopping=False, epsilon=0.1, eta0=0.001, fit_intercept=True,
              l1_ratio=0.15, learning_rate='optimal', loss='hinge',
              max_iter=1000, n_iter_no_change=5, n_jobs=-1, penalty='l2',
              power_t=0.5, random_state=123, shuffle=True, tol=0.001,
              validation_fraction=0.1, verbose=0, warm_start=False)
2021-04-21 16:20:46,434:INFO:create_model() succesfully completed......................................
2021-04-21 16:20:46,496:INFO:SubProcess create_model() end ==================================
2021-04-21 16:20:46,497:INFO:Creating metrics dataframe
2021-04-21 16:20:46,516:INFO:Initializing Ridge Classifier
2021-04-21 16:20:46,516:INFO:Total runtime is 0.12243922154108684 minutes
2021-04-21 16:20:46,524:INFO:SubProcess create_model() called ==================================
2021-04-21 16:20:46,524:INFO:Initializing create_model()
2021-04-21 16:20:46,524:INFO:create_model(estimator=ridge, fold=StratifiedKFold(n_splits=10, random_state=None, shuffle=False), round=4, cross_validation=True, predict=True, fit_kwargs={}, groups=None, refit=False, verbose=False, system=False, metrics=None, display=<pycaret.internal.Display.Display object at 0x0000023B7A0DC730>, kwargs={})
2021-04-21 16:20:46,524:INFO:Checking exceptions
2021-04-21 16:20:46,524:INFO:Importing libraries
2021-04-21 16:20:46,524:INFO:Copying training dataset
2021-04-21 16:20:46,525:INFO:Defining folds
2021-04-21 16:20:46,525:INFO:Declaring metric variables
2021-04-21 16:20:46,533:INFO:Importing untrained model
2021-04-21 16:20:46,543:INFO:Ridge Classifier Imported succesfully
2021-04-21 16:20:46,559:INFO:Starting cross validation
2021-04-21 16:20:46,560:INFO:Cross validating with StratifiedKFold(n_splits=10, random_state=None, shuffle=False), n_jobs=-1
2021-04-21 16:20:46,616:INFO:Calculating mean and std
2021-04-21 16:20:46,617:INFO:Creating metrics dataframe
2021-04-21 16:20:46,622:INFO:Uploading results into container
2021-04-21 16:20:46,622:INFO:Uploading model into container now
2021-04-21 16:20:46,622:INFO:create_model_container: 6
2021-04-21 16:20:46,622:INFO:master_model_container: 6
2021-04-21 16:20:46,622:INFO:display_container: 2
2021-04-21 16:20:46,622:INFO:RidgeClassifier(alpha=1.0, class_weight=None, copy_X=True, fit_intercept=True,
                max_iter=None, normalize=False, random_state=123, solver='auto',
                tol=0.001)
2021-04-21 16:20:46,623:INFO:create_model() succesfully completed......................................
2021-04-21 16:20:46,681:INFO:SubProcess create_model() end ==================================
2021-04-21 16:20:46,681:INFO:Creating metrics dataframe
2021-04-21 16:20:46,700:INFO:Initializing Random Forest Classifier
2021-04-21 16:20:46,700:INFO:Total runtime is 0.12549775044123332 minutes
2021-04-21 16:20:46,707:INFO:SubProcess create_model() called ==================================
2021-04-21 16:20:46,707:INFO:Initializing create_model()
2021-04-21 16:20:46,707:INFO:create_model(estimator=rf, fold=StratifiedKFold(n_splits=10, random_state=None, shuffle=False), round=4, cross_validation=True, predict=True, fit_kwargs={}, groups=None, refit=False, verbose=False, system=False, metrics=None, display=<pycaret.internal.Display.Display object at 0x0000023B7A0DC730>, kwargs={})
2021-04-21 16:20:46,708:INFO:Checking exceptions
2021-04-21 16:20:46,708:INFO:Importing libraries
2021-04-21 16:20:46,708:INFO:Copying training dataset
2021-04-21 16:20:46,708:INFO:Defining folds
2021-04-21 16:20:46,708:INFO:Declaring metric variables
2021-04-21 16:20:46,716:INFO:Importing untrained model
2021-04-21 16:20:46,724:INFO:Random Forest Classifier Imported succesfully
2021-04-21 16:20:46,740:INFO:Starting cross validation
2021-04-21 16:20:46,741:INFO:Cross validating with StratifiedKFold(n_splits=10, random_state=None, shuffle=False), n_jobs=-1
2021-04-21 16:20:47,174:INFO:Calculating mean and std
2021-04-21 16:20:47,175:INFO:Creating metrics dataframe
2021-04-21 16:20:47,179:INFO:Uploading results into container
2021-04-21 16:20:47,179:INFO:Uploading model into container now
2021-04-21 16:20:47,179:INFO:create_model_container: 7
2021-04-21 16:20:47,179:INFO:master_model_container: 7
2021-04-21 16:20:47,179:INFO:display_container: 2
2021-04-21 16:20:47,179:INFO:RandomForestClassifier(bootstrap=True, ccp_alpha=0.0, class_weight=None,
                       criterion='gini', max_depth=None, max_features='auto',
                       max_leaf_nodes=None, max_samples=None,
                       min_impurity_decrease=0.0, min_impurity_split=None,
                       min_samples_leaf=1, min_samples_split=2,
                       min_weight_fraction_leaf=0.0, n_estimators=100,
                       n_jobs=-1, oob_score=False, random_state=123, verbose=0,
                       warm_start=False)
2021-04-21 16:20:47,180:INFO:create_model() succesfully completed......................................
2021-04-21 16:20:47,237:INFO:SubProcess create_model() end ==================================
2021-04-21 16:20:47,237:INFO:Creating metrics dataframe
2021-04-21 16:20:47,257:INFO:Initializing Quadratic Discriminant Analysis
2021-04-21 16:20:47,257:INFO:Total runtime is 0.13478954235712687 minutes
2021-04-21 16:20:47,264:INFO:SubProcess create_model() called ==================================
2021-04-21 16:20:47,265:INFO:Initializing create_model()
2021-04-21 16:20:47,265:INFO:create_model(estimator=qda, fold=StratifiedKFold(n_splits=10, random_state=None, shuffle=False), round=4, cross_validation=True, predict=True, fit_kwargs={}, groups=None, refit=False, verbose=False, system=False, metrics=None, display=<pycaret.internal.Display.Display object at 0x0000023B7A0DC730>, kwargs={})
2021-04-21 16:20:47,265:INFO:Checking exceptions
2021-04-21 16:20:47,265:INFO:Importing libraries
2021-04-21 16:20:47,265:INFO:Copying training dataset
2021-04-21 16:20:47,266:INFO:Defining folds
2021-04-21 16:20:47,266:INFO:Declaring metric variables
2021-04-21 16:20:47,274:INFO:Importing untrained model
2021-04-21 16:20:47,282:INFO:Quadratic Discriminant Analysis Imported succesfully
2021-04-21 16:20:47,299:INFO:Starting cross validation
2021-04-21 16:20:47,299:INFO:Cross validating with StratifiedKFold(n_splits=10, random_state=None, shuffle=False), n_jobs=-1
2021-04-21 16:20:47,368:INFO:Calculating mean and std
2021-04-21 16:20:47,369:INFO:Creating metrics dataframe
2021-04-21 16:20:47,372:INFO:Uploading results into container
2021-04-21 16:20:47,372:INFO:Uploading model into container now
2021-04-21 16:20:47,373:INFO:create_model_container: 8
2021-04-21 16:20:47,373:INFO:master_model_container: 8
2021-04-21 16:20:47,373:INFO:display_container: 2
2021-04-21 16:20:47,373:INFO:QuadraticDiscriminantAnalysis(priors=None, reg_param=0.0,
                              store_covariance=False, tol=0.0001)
2021-04-21 16:20:47,373:INFO:create_model() succesfully completed......................................
2021-04-21 16:20:47,435:INFO:SubProcess create_model() end ==================================
2021-04-21 16:20:47,435:INFO:Creating metrics dataframe
2021-04-21 16:20:47,456:INFO:Initializing Ada Boost Classifier
2021-04-21 16:20:47,456:INFO:Total runtime is 0.13811397552490234 minutes
2021-04-21 16:20:47,464:INFO:SubProcess create_model() called ==================================
2021-04-21 16:20:47,464:INFO:Initializing create_model()
2021-04-21 16:20:47,464:INFO:create_model(estimator=ada, fold=StratifiedKFold(n_splits=10, random_state=None, shuffle=False), round=4, cross_validation=True, predict=True, fit_kwargs={}, groups=None, refit=False, verbose=False, system=False, metrics=None, display=<pycaret.internal.Display.Display object at 0x0000023B7A0DC730>, kwargs={})
2021-04-21 16:20:47,464:INFO:Checking exceptions
2021-04-21 16:20:47,464:INFO:Importing libraries
2021-04-21 16:20:47,464:INFO:Copying training dataset
2021-04-21 16:20:47,465:INFO:Defining folds
2021-04-21 16:20:47,465:INFO:Declaring metric variables
2021-04-21 16:20:47,473:INFO:Importing untrained model
2021-04-21 16:20:47,481:INFO:Ada Boost Classifier Imported succesfully
2021-04-21 16:20:47,498:INFO:Starting cross validation
2021-04-21 16:20:47,498:INFO:Cross validating with StratifiedKFold(n_splits=10, random_state=None, shuffle=False), n_jobs=-1
2021-04-21 16:20:47,692:INFO:Calculating mean and std
2021-04-21 16:20:47,693:INFO:Creating metrics dataframe
2021-04-21 16:20:47,697:INFO:Uploading results into container
2021-04-21 16:20:47,697:INFO:Uploading model into container now
2021-04-21 16:20:47,697:INFO:create_model_container: 9
2021-04-21 16:20:47,697:INFO:master_model_container: 9
2021-04-21 16:20:47,697:INFO:display_container: 2
2021-04-21 16:20:47,697:INFO:AdaBoostClassifier(algorithm='SAMME.R', base_estimator=None, learning_rate=1.0,
                   n_estimators=50, random_state=123)
2021-04-21 16:20:47,697:INFO:create_model() succesfully completed......................................
2021-04-21 16:20:47,752:INFO:SubProcess create_model() end ==================================
2021-04-21 16:20:47,752:INFO:Creating metrics dataframe
2021-04-21 16:20:47,773:INFO:Initializing Gradient Boosting Classifier
2021-04-21 16:20:47,773:INFO:Total runtime is 0.14338321288426717 minutes
2021-04-21 16:20:47,781:INFO:SubProcess create_model() called ==================================
2021-04-21 16:20:47,781:INFO:Initializing create_model()
2021-04-21 16:20:47,781:INFO:create_model(estimator=gbc, fold=StratifiedKFold(n_splits=10, random_state=None, shuffle=False), round=4, cross_validation=True, predict=True, fit_kwargs={}, groups=None, refit=False, verbose=False, system=False, metrics=None, display=<pycaret.internal.Display.Display object at 0x0000023B7A0DC730>, kwargs={})
2021-04-21 16:20:47,781:INFO:Checking exceptions
2021-04-21 16:20:47,781:INFO:Importing libraries
2021-04-21 16:20:47,781:INFO:Copying training dataset
2021-04-21 16:20:47,782:INFO:Defining folds
2021-04-21 16:20:47,782:INFO:Declaring metric variables
2021-04-21 16:20:47,790:INFO:Importing untrained model
2021-04-21 16:20:47,797:INFO:Gradient Boosting Classifier Imported succesfully
2021-04-21 16:20:47,814:INFO:Starting cross validation
2021-04-21 16:20:47,815:INFO:Cross validating with StratifiedKFold(n_splits=10, random_state=None, shuffle=False), n_jobs=-1
2021-04-21 16:20:47,992:INFO:Calculating mean and std
2021-04-21 16:20:47,993:INFO:Creating metrics dataframe
2021-04-21 16:20:47,997:INFO:Uploading results into container
2021-04-21 16:20:47,997:INFO:Uploading model into container now
2021-04-21 16:20:47,997:INFO:create_model_container: 10
2021-04-21 16:20:47,997:INFO:master_model_container: 10
2021-04-21 16:20:47,997:INFO:display_container: 2
2021-04-21 16:20:47,997:INFO:GradientBoostingClassifier(ccp_alpha=0.0, criterion='friedman_mse', init=None,
                           learning_rate=0.1, loss='deviance', max_depth=3,
                           max_features=None, max_leaf_nodes=None,
                           min_impurity_decrease=0.0, min_impurity_split=None,
                           min_samples_leaf=1, min_samples_split=2,
                           min_weight_fraction_leaf=0.0, n_estimators=100,
                           n_iter_no_change=None, presort='deprecated',
                           random_state=123, subsample=1.0, tol=0.0001,
                           validation_fraction=0.1, verbose=0,
                           warm_start=False)
2021-04-21 16:20:47,997:INFO:create_model() succesfully completed......................................
2021-04-21 16:20:48,052:INFO:SubProcess create_model() end ==================================
2021-04-21 16:20:48,053:INFO:Creating metrics dataframe
2021-04-21 16:20:48,074:INFO:Initializing Linear Discriminant Analysis
2021-04-21 16:20:48,074:INFO:Total runtime is 0.14840312401453654 minutes
2021-04-21 16:20:48,082:INFO:SubProcess create_model() called ==================================
2021-04-21 16:20:48,082:INFO:Initializing create_model()
2021-04-21 16:20:48,082:INFO:create_model(estimator=lda, fold=StratifiedKFold(n_splits=10, random_state=None, shuffle=False), round=4, cross_validation=True, predict=True, fit_kwargs={}, groups=None, refit=False, verbose=False, system=False, metrics=None, display=<pycaret.internal.Display.Display object at 0x0000023B7A0DC730>, kwargs={})
2021-04-21 16:20:48,082:INFO:Checking exceptions
2021-04-21 16:20:48,082:INFO:Importing libraries
2021-04-21 16:20:48,082:INFO:Copying training dataset
2021-04-21 16:20:48,083:INFO:Defining folds
2021-04-21 16:20:48,083:INFO:Declaring metric variables
2021-04-21 16:20:48,090:INFO:Importing untrained model
2021-04-21 16:20:48,098:INFO:Linear Discriminant Analysis Imported succesfully
2021-04-21 16:20:48,115:INFO:Starting cross validation
2021-04-21 16:20:48,116:INFO:Cross validating with StratifiedKFold(n_splits=10, random_state=None, shuffle=False), n_jobs=-1
2021-04-21 16:20:48,178:INFO:Calculating mean and std
2021-04-21 16:20:48,179:INFO:Creating metrics dataframe
2021-04-21 16:20:48,182:INFO:Uploading results into container
2021-04-21 16:20:48,182:INFO:Uploading model into container now
2021-04-21 16:20:48,182:INFO:create_model_container: 11
2021-04-21 16:20:48,182:INFO:master_model_container: 11
2021-04-21 16:20:48,183:INFO:display_container: 2
2021-04-21 16:20:48,183:INFO:LinearDiscriminantAnalysis(n_components=None, priors=None, shrinkage=None,
                           solver='svd', store_covariance=False, tol=0.0001)
2021-04-21 16:20:48,183:INFO:create_model() succesfully completed......................................
2021-04-21 16:20:48,237:INFO:SubProcess create_model() end ==================================
2021-04-21 16:20:48,237:INFO:Creating metrics dataframe
2021-04-21 16:20:48,259:INFO:Initializing Extra Trees Classifier
2021-04-21 16:20:48,259:INFO:Total runtime is 0.15149540503819783 minutes
2021-04-21 16:20:48,267:INFO:SubProcess create_model() called ==================================
2021-04-21 16:20:48,267:INFO:Initializing create_model()
2021-04-21 16:20:48,267:INFO:create_model(estimator=et, fold=StratifiedKFold(n_splits=10, random_state=None, shuffle=False), round=4, cross_validation=True, predict=True, fit_kwargs={}, groups=None, refit=False, verbose=False, system=False, metrics=None, display=<pycaret.internal.Display.Display object at 0x0000023B7A0DC730>, kwargs={})
2021-04-21 16:20:48,267:INFO:Checking exceptions
2021-04-21 16:20:48,267:INFO:Importing libraries
2021-04-21 16:20:48,268:INFO:Copying training dataset
2021-04-21 16:20:48,268:INFO:Defining folds
2021-04-21 16:20:48,268:INFO:Declaring metric variables
2021-04-21 16:20:48,276:INFO:Importing untrained model
2021-04-21 16:20:48,284:INFO:Extra Trees Classifier Imported succesfully
2021-04-21 16:20:48,300:INFO:Starting cross validation
2021-04-21 16:20:48,300:INFO:Cross validating with StratifiedKFold(n_splits=10, random_state=None, shuffle=False), n_jobs=-1
2021-04-21 16:20:48,688:INFO:Calculating mean and std
2021-04-21 16:20:48,689:INFO:Creating metrics dataframe
2021-04-21 16:20:48,693:INFO:Uploading results into container
2021-04-21 16:20:48,693:INFO:Uploading model into container now
2021-04-21 16:20:48,693:INFO:create_model_container: 12
2021-04-21 16:20:48,693:INFO:master_model_container: 12
2021-04-21 16:20:48,693:INFO:display_container: 2
2021-04-21 16:20:48,694:INFO:ExtraTreesClassifier(bootstrap=False, ccp_alpha=0.0, class_weight=None,
                     criterion='gini', max_depth=None, max_features='auto',
                     max_leaf_nodes=None, max_samples=None,
                     min_impurity_decrease=0.0, min_impurity_split=None,
                     min_samples_leaf=1, min_samples_split=2,
                     min_weight_fraction_leaf=0.0, n_estimators=100, n_jobs=-1,
                     oob_score=False, random_state=123, verbose=0,
                     warm_start=False)
2021-04-21 16:20:48,694:INFO:create_model() succesfully completed......................................
2021-04-21 16:20:48,750:INFO:SubProcess create_model() end ==================================
2021-04-21 16:20:48,750:INFO:Creating metrics dataframe
2021-04-21 16:20:48,772:INFO:Initializing Light Gradient Boosting Machine
2021-04-21 16:20:48,772:INFO:Total runtime is 0.160039222240448 minutes
2021-04-21 16:20:48,779:INFO:SubProcess create_model() called ==================================
2021-04-21 16:20:48,780:INFO:Initializing create_model()
2021-04-21 16:20:48,780:INFO:create_model(estimator=lightgbm, fold=StratifiedKFold(n_splits=10, random_state=None, shuffle=False), round=4, cross_validation=True, predict=True, fit_kwargs={}, groups=None, refit=False, verbose=False, system=False, metrics=None, display=<pycaret.internal.Display.Display object at 0x0000023B7A0DC730>, kwargs={})
2021-04-21 16:20:48,780:INFO:Checking exceptions
2021-04-21 16:20:48,780:INFO:Importing libraries
2021-04-21 16:20:48,780:INFO:Copying training dataset
2021-04-21 16:20:48,781:INFO:Defining folds
2021-04-21 16:20:48,781:INFO:Declaring metric variables
2021-04-21 16:20:48,788:INFO:Importing untrained model
2021-04-21 16:20:48,796:INFO:Light Gradient Boosting Machine Imported succesfully
2021-04-21 16:20:48,814:INFO:Starting cross validation
2021-04-21 16:20:48,815:INFO:Cross validating with StratifiedKFold(n_splits=10, random_state=None, shuffle=False), n_jobs=-1
2021-04-21 16:20:49,805:INFO:Calculating mean and std
2021-04-21 16:20:49,806:INFO:Creating metrics dataframe
2021-04-21 16:20:49,811:INFO:Uploading results into container
2021-04-21 16:20:49,812:INFO:Uploading model into container now
2021-04-21 16:20:49,812:INFO:create_model_container: 13
2021-04-21 16:20:49,812:INFO:master_model_container: 13
2021-04-21 16:20:49,812:INFO:display_container: 2
2021-04-21 16:20:49,812:INFO:LGBMClassifier(boosting_type='gbdt', class_weight=None, colsample_bytree=1.0,
               importance_type='split', learning_rate=0.1, max_depth=-1,
               min_child_samples=20, min_child_weight=0.001, min_split_gain=0.0,
               n_estimators=100, n_jobs=-1, num_leaves=31, objective=None,
               random_state=123, reg_alpha=0.0, reg_lambda=0.0, silent=True,
               subsample=1.0, subsample_for_bin=200000, subsample_freq=0)
2021-04-21 16:20:49,812:INFO:create_model() succesfully completed......................................
2021-04-21 16:20:49,878:INFO:SubProcess create_model() end ==================================
2021-04-21 16:20:49,878:INFO:Creating metrics dataframe
2021-04-21 16:20:49,920:INFO:Initializing create_model()
2021-04-21 16:20:49,921:INFO:create_model(estimator=RidgeClassifier(alpha=1.0, class_weight=None, copy_X=True, fit_intercept=True,
                max_iter=None, normalize=False, random_state=123, solver='auto',
                tol=0.001), fold=StratifiedKFold(n_splits=10, random_state=None, shuffle=False), round=4, cross_validation=False, predict=False, fit_kwargs={}, groups=None, refit=True, verbose=False, system=False, metrics=None, display=None, kwargs={})
2021-04-21 16:20:49,921:INFO:Checking exceptions
2021-04-21 16:20:49,921:INFO:Importing libraries
2021-04-21 16:20:49,921:INFO:Copying training dataset
2021-04-21 16:20:49,921:INFO:Defining folds
2021-04-21 16:20:49,921:INFO:Declaring metric variables
2021-04-21 16:20:49,921:INFO:Importing untrained model
2021-04-21 16:20:49,921:INFO:Declaring custom model
2021-04-21 16:20:49,922:INFO:Ridge Classifier Imported succesfully
2021-04-21 16:20:49,922:INFO:Cross validation set to False
2021-04-21 16:20:49,922:INFO:Fitting Model
2021-04-21 16:20:49,931:INFO:RidgeClassifier(alpha=1.0, class_weight=None, copy_X=True, fit_intercept=True,
                max_iter=None, normalize=False, random_state=123, solver='auto',
                tol=0.001)
2021-04-21 16:20:49,931:INFO:create_models() succesfully completed......................................
2021-04-21 16:20:50,045:INFO:create_model_container: 13
2021-04-21 16:20:50,045:INFO:master_model_container: 13
2021-04-21 16:20:50,045:INFO:display_container: 2
2021-04-21 16:20:50,046:INFO:RidgeClassifier(alpha=1.0, class_weight=None, copy_X=True, fit_intercept=True,
                max_iter=None, normalize=False, random_state=123, solver='auto',
                tol=0.001)
2021-04-21 16:20:50,046:INFO:compare_models() succesfully completed......................................
2021-04-21 16:21:36,709:INFO:PyCaret Supervised Module
2021-04-21 16:21:36,710:INFO:ML Usecase: classification
2021-04-21 16:21:36,710:INFO:version 2.3.0
2021-04-21 16:21:36,710:INFO:Initializing setup()
2021-04-21 16:21:36,710:INFO:setup(target=Loan_Status, ml_usecase=classification, available_plots={'parameter': 'Hyperparameters', 'auc': 'AUC', 'confusion_matrix': 'Confusion Matrix', 'threshold': 'Threshold', 'pr': 'Precision Recall', 'error': 'Prediction Error', 'class_report': 'Class Report', 'rfe': 'Feature Selection', 'learning': 'Learning Curve', 'manifold': 'Manifold Learning', 'calibration': 'Calibration Curve', 'vc': 'Validation Curve', 'dimension': 'Dimensions', 'feature': 'Feature Importance', 'feature_all': 'Feature Importance (All)', 'boundary': 'Decision Boundary', 'lift': 'Lift Chart', 'gain': 'Gain Chart', 'tree': 'Decision Tree'}, train_size=0.7, test_data=None, preprocess=True, imputation_type=simple, iterative_imputation_iters=5, categorical_features=None, categorical_imputation=constant, categorical_iterative_imputer=lightgbm, ordinal_features=None, high_cardinality_features=None, high_cardinality_method=frequency, numeric_features=None, numeric_imputation=mean, numeric_iterative_imputer=lightgbm, date_features=None, ignore_features=None, normalize=True, normalize_method=zscore, transformation=True, transformation_method=yeo-johnson, handle_unknown_categorical=True, unknown_categorical_method=least_frequent, pca=False, pca_method=linear, pca_components=None, ignore_low_variance=False, combine_rare_levels=False, rare_level_threshold=0.1, bin_numeric_features=None, remove_outliers=False, outliers_threshold=0.05, remove_multicollinearity=False, multicollinearity_threshold=0.9, remove_perfect_collinearity=True, create_clusters=False, cluster_iter=20, polynomial_features=False, polynomial_degree=2, trigonometry_features=False, polynomial_threshold=0.1, group_features=None, group_names=None, feature_selection=False, feature_selection_threshold=0.8, feature_selection_method=classic, feature_interaction=False, feature_ratio=False, interaction_threshold=0.01, fix_imbalance=False, fix_imbalance_method=None, transform_target=False, transform_target_method=box-cox, data_split_shuffle=True, data_split_stratify=False, fold_strategy=stratifiedkfold, fold=10, fold_shuffle=False, fold_groups=None, n_jobs=-1, use_gpu=False, custom_pipeline=None, html=True, session_id=123, log_experiment=False, experiment_name=None, log_plots=False, log_profile=False, log_data=False, silent=False, verbose=True, profile=False, profile_kwargs=None, display=None)
2021-04-21 16:21:36,710:INFO:Checking environment
2021-04-21 16:21:36,710:INFO:python_version: 3.8.5
2021-04-21 16:21:36,710:INFO:python_build: ('default', 'Sep  3 2020 21:29:08')
2021-04-21 16:21:36,710:INFO:machine: AMD64
2021-04-21 16:21:36,710:INFO:platform: Windows-10-10.0.18362-SP0
2021-04-21 16:21:36,710:INFO:Memory: svmem(total=16790962176, available=2617884672, percent=84.4, used=14173077504, free=2617884672)
2021-04-21 16:21:36,710:INFO:Physical Core: 6
2021-04-21 16:21:36,710:INFO:Logical Core: 12
2021-04-21 16:21:36,710:INFO:Checking libraries
2021-04-21 16:21:36,710:INFO:pd==1.1.3
2021-04-21 16:21:36,710:INFO:numpy==1.19.5
2021-04-21 16:21:36,710:INFO:sklearn==0.23.2
2021-04-21 16:21:36,710:INFO:lightgbm==3.2.0
2021-04-21 16:21:36,712:WARNING:catboost not found
2021-04-21 16:21:36,713:WARNING:xgboost not found
2021-04-21 16:21:36,713:INFO:mlflow==1.15.0
2021-04-21 16:21:36,713:INFO:Checking Exceptions
2021-04-21 16:21:36,714:INFO:Declaring global variables
2021-04-21 16:21:36,714:INFO:USI: 9ba0
2021-04-21 16:21:36,714:INFO:pycaret_globals: {'USI', 'y_test', 'transform_target_method_param', 'gpu_param', 'exp_name_log', 'experiment__', '_ml_usecase', '_gpu_n_jobs_param', 'create_model_container', '_all_metrics', 'html_param', 'display_container', '_internal_pipeline', 'n_jobs_param', 'fold_param', 'seed', 'fold_groups_param', 'stratify_param', 'fold_shuffle_param', 'pycaret_globals', '_all_models_internal', 'iterative_imputation_iters_param', 'data_before_preprocess', 'imputation_regressor', 'transform_target_param', '_available_plots', 'master_model_container', 'X_test', 'target_param', 'imputation_classifier', 'X', 'fix_imbalance_method_param', 'y', 'X_train', '_all_models', 'y_train', 'fold_generator', 'logging_param', 'log_plots_param', 'fix_imbalance_param', 'prep_pipe'}
2021-04-21 16:21:36,714:INFO:Preparing display monitor
2021-04-21 16:21:36,714:INFO:Preparing display monitor
2021-04-21 16:21:36,729:INFO:Importing libraries
2021-04-21 16:21:36,730:INFO:Copying data for preprocessing
2021-04-21 16:21:36,739:INFO:Declaring preprocessing parameters
2021-04-21 16:21:36,740:INFO:Creating preprocessing pipeline
2021-04-21 16:21:36,753:INFO:Preprocessing pipeline created successfully
2021-04-21 16:21:36,753:ERROR:(Process Exit): setup has been interupted with user command 'quit'. setup must rerun.
2021-04-21 16:21:36,753:INFO:Creating global containers
2021-04-21 16:21:36,753:INFO:Internal pipeline: Pipeline(memory=None, steps=[('empty_step', 'passthrough')], verbose=False)
2021-04-21 16:21:38,083:WARNING:Couldn't import xgboost.XGBClassifier
2021-04-21 16:21:38,084:WARNING:Couldn't import catboost.CatBoostClassifier
2021-04-21 16:21:38,158:WARNING:Couldn't import xgboost.XGBClassifier
2021-04-21 16:21:38,159:WARNING:Couldn't import catboost.CatBoostClassifier
2021-04-21 16:21:38,159:INFO:Creating grid variables
2021-04-21 16:21:38,174:INFO:create_model_container: 0
2021-04-21 16:21:38,174:INFO:master_model_container: 0
2021-04-21 16:21:38,174:INFO:display_container: 1
2021-04-21 16:21:38,179:INFO:Pipeline(memory=None,
         steps=[('dtypes',
                 DataTypes_Auto_infer(categorical_features=[],
                                      display_types=True, features_todrop=[],
                                      id_columns=['Unnamed: 0'],
                                      ml_usecase='classification',
                                      numerical_features=[],
                                      target='Loan_Status', time_features=[])),
                ('imputer',
                 Simple_Imputer(categorical_strategy='not_available',
                                fill_value_categorical=None,
                                fill_value_numerical=No...
                                                  target='Loan_Status')),
                ('binn', 'passthrough'), ('rem_outliers', 'passthrough'),
                ('cluster_all', 'passthrough'),
                ('dummy', Dummify(target='Loan_Status')),
                ('fix_perfect', Remove_100(target='Loan_Status')),
                ('clean_names', Clean_Colum_Names()),
                ('feature_select', 'passthrough'), ('fix_multi', 'passthrough'),
                ('dfs', 'passthrough'), ('pca', 'passthrough')],
         verbose=False)
2021-04-21 16:21:38,179:INFO:setup() succesfully completed......................................
2021-04-21 16:21:54,735:INFO:Initializing compare_models()
2021-04-21 16:21:54,736:INFO:compare_models(include=None, fold=None, round=4, cross_validation=True, sort=Accuracy, n_select=1, budget_time=None, turbo=True, errors=ignore, fit_kwargs=None, groups=None, verbose=True, display=None, exclude=None)
2021-04-21 16:21:54,736:INFO:Checking exceptions
2021-04-21 16:21:54,737:INFO:Preparing display monitor
2021-04-21 16:21:54,737:INFO:Preparing display monitor
2021-04-21 16:21:54,766:INFO:Initializing Logistic Regression
2021-04-21 16:21:54,766:INFO:Total runtime is 0.0 minutes
2021-04-21 16:21:54,776:INFO:SubProcess create_model() called ==================================
2021-04-21 16:21:54,776:INFO:Initializing create_model()
2021-04-21 16:21:54,776:INFO:create_model(estimator=lr, fold=StratifiedKFold(n_splits=10, random_state=None, shuffle=False), round=4, cross_validation=True, predict=True, fit_kwargs={}, groups=None, refit=False, verbose=False, system=False, metrics=None, display=<pycaret.internal.Display.Display object at 0x0000023B7ABD6C40>, kwargs={})
2021-04-21 16:21:54,776:INFO:Checking exceptions
2021-04-21 16:21:54,776:INFO:Importing libraries
2021-04-21 16:21:54,776:INFO:Copying training dataset
2021-04-21 16:21:54,777:INFO:Defining folds
2021-04-21 16:21:54,777:INFO:Declaring metric variables
2021-04-21 16:21:54,786:INFO:Importing untrained model
2021-04-21 16:21:54,795:INFO:Logistic Regression Imported succesfully
2021-04-21 16:21:54,814:INFO:Starting cross validation
2021-04-21 16:21:54,814:INFO:Cross validating with StratifiedKFold(n_splits=10, random_state=None, shuffle=False), n_jobs=-1
2021-04-21 16:21:54,889:INFO:Calculating mean and std
2021-04-21 16:21:54,891:INFO:Creating metrics dataframe
2021-04-21 16:21:54,895:INFO:Uploading results into container
2021-04-21 16:21:54,896:INFO:Uploading model into container now
2021-04-21 16:21:54,896:INFO:create_model_container: 1
2021-04-21 16:21:54,896:INFO:master_model_container: 1
2021-04-21 16:21:54,896:INFO:display_container: 2
2021-04-21 16:21:54,896:INFO:LogisticRegression(C=1.0, class_weight=None, dual=False, fit_intercept=True,
                   intercept_scaling=1, l1_ratio=None, max_iter=1000,
                   multi_class='auto', n_jobs=None, penalty='l2',
                   random_state=123, solver='lbfgs', tol=0.0001, verbose=0,
                   warm_start=False)
2021-04-21 16:21:54,896:INFO:create_model() succesfully completed......................................
2021-04-21 16:21:54,957:INFO:SubProcess create_model() end ==================================
2021-04-21 16:21:54,957:INFO:Creating metrics dataframe
2021-04-21 16:21:54,972:INFO:Initializing K Neighbors Classifier
2021-04-21 16:21:54,972:INFO:Total runtime is 0.0034264643987019856 minutes
2021-04-21 16:21:54,979:INFO:SubProcess create_model() called ==================================
2021-04-21 16:21:54,980:INFO:Initializing create_model()
2021-04-21 16:21:54,980:INFO:create_model(estimator=knn, fold=StratifiedKFold(n_splits=10, random_state=None, shuffle=False), round=4, cross_validation=True, predict=True, fit_kwargs={}, groups=None, refit=False, verbose=False, system=False, metrics=None, display=<pycaret.internal.Display.Display object at 0x0000023B7ABD6C40>, kwargs={})
2021-04-21 16:21:54,980:INFO:Checking exceptions
2021-04-21 16:21:54,980:INFO:Importing libraries
2021-04-21 16:21:54,980:INFO:Copying training dataset
2021-04-21 16:21:54,981:INFO:Defining folds
2021-04-21 16:21:54,981:INFO:Declaring metric variables
2021-04-21 16:21:54,989:INFO:Importing untrained model
2021-04-21 16:21:54,997:INFO:K Neighbors Classifier Imported succesfully
2021-04-21 16:21:55,012:INFO:Starting cross validation
2021-04-21 16:21:55,013:INFO:Cross validating with StratifiedKFold(n_splits=10, random_state=None, shuffle=False), n_jobs=-1
2021-04-21 16:21:55,108:INFO:Calculating mean and std
2021-04-21 16:21:55,109:INFO:Creating metrics dataframe
2021-04-21 16:21:55,113:INFO:Uploading results into container
2021-04-21 16:21:55,113:INFO:Uploading model into container now
2021-04-21 16:21:55,113:INFO:create_model_container: 2
2021-04-21 16:21:55,113:INFO:master_model_container: 2
2021-04-21 16:21:55,113:INFO:display_container: 2
2021-04-21 16:21:55,113:INFO:KNeighborsClassifier(algorithm='auto', leaf_size=30, metric='minkowski',
                     metric_params=None, n_jobs=-1, n_neighbors=5, p=2,
                     weights='uniform')
2021-04-21 16:21:55,113:INFO:create_model() succesfully completed......................................
2021-04-21 16:21:55,171:INFO:SubProcess create_model() end ==================================
2021-04-21 16:21:55,171:INFO:Creating metrics dataframe
2021-04-21 16:21:55,188:INFO:Initializing Naive Bayes
2021-04-21 16:21:55,188:INFO:Total runtime is 0.007019261519114176 minutes
2021-04-21 16:21:55,196:INFO:SubProcess create_model() called ==================================
2021-04-21 16:21:55,196:INFO:Initializing create_model()
2021-04-21 16:21:55,196:INFO:create_model(estimator=nb, fold=StratifiedKFold(n_splits=10, random_state=None, shuffle=False), round=4, cross_validation=True, predict=True, fit_kwargs={}, groups=None, refit=False, verbose=False, system=False, metrics=None, display=<pycaret.internal.Display.Display object at 0x0000023B7ABD6C40>, kwargs={})
2021-04-21 16:21:55,196:INFO:Checking exceptions
2021-04-21 16:21:55,196:INFO:Importing libraries
2021-04-21 16:21:55,196:INFO:Copying training dataset
2021-04-21 16:21:55,197:INFO:Defining folds
2021-04-21 16:21:55,197:INFO:Declaring metric variables
2021-04-21 16:21:55,206:INFO:Importing untrained model
2021-04-21 16:21:55,214:INFO:Naive Bayes Imported succesfully
2021-04-21 16:21:55,231:INFO:Starting cross validation
2021-04-21 16:21:55,232:INFO:Cross validating with StratifiedKFold(n_splits=10, random_state=None, shuffle=False), n_jobs=-1
2021-04-21 16:21:55,288:INFO:Calculating mean and std
2021-04-21 16:21:55,289:INFO:Creating metrics dataframe
2021-04-21 16:21:55,293:INFO:Uploading results into container
2021-04-21 16:21:55,293:INFO:Uploading model into container now
2021-04-21 16:21:55,293:INFO:create_model_container: 3
2021-04-21 16:21:55,293:INFO:master_model_container: 3
2021-04-21 16:21:55,293:INFO:display_container: 2
2021-04-21 16:21:55,293:INFO:GaussianNB(priors=None, var_smoothing=1e-09)
2021-04-21 16:21:55,294:INFO:create_model() succesfully completed......................................
2021-04-21 16:21:55,351:INFO:SubProcess create_model() end ==================================
2021-04-21 16:21:55,351:INFO:Creating metrics dataframe
2021-04-21 16:21:55,368:INFO:Initializing Decision Tree Classifier
2021-04-21 16:21:55,369:INFO:Total runtime is 0.01004649003346761 minutes
2021-04-21 16:21:55,376:INFO:SubProcess create_model() called ==================================
2021-04-21 16:21:55,376:INFO:Initializing create_model()
2021-04-21 16:21:55,377:INFO:create_model(estimator=dt, fold=StratifiedKFold(n_splits=10, random_state=None, shuffle=False), round=4, cross_validation=True, predict=True, fit_kwargs={}, groups=None, refit=False, verbose=False, system=False, metrics=None, display=<pycaret.internal.Display.Display object at 0x0000023B7ABD6C40>, kwargs={})
2021-04-21 16:21:55,377:INFO:Checking exceptions
2021-04-21 16:21:55,377:INFO:Importing libraries
2021-04-21 16:21:55,377:INFO:Copying training dataset
2021-04-21 16:21:55,378:INFO:Defining folds
2021-04-21 16:21:55,378:INFO:Declaring metric variables
2021-04-21 16:21:55,386:INFO:Importing untrained model
2021-04-21 16:21:55,394:INFO:Decision Tree Classifier Imported succesfully
2021-04-21 16:21:55,409:INFO:Starting cross validation
2021-04-21 16:21:55,410:INFO:Cross validating with StratifiedKFold(n_splits=10, random_state=None, shuffle=False), n_jobs=-1
2021-04-21 16:21:55,475:INFO:Calculating mean and std
2021-04-21 16:21:55,476:INFO:Creating metrics dataframe
2021-04-21 16:21:55,480:INFO:Uploading results into container
2021-04-21 16:21:55,480:INFO:Uploading model into container now
2021-04-21 16:21:55,480:INFO:create_model_container: 4
2021-04-21 16:21:55,480:INFO:master_model_container: 4
2021-04-21 16:21:55,480:INFO:display_container: 2
2021-04-21 16:21:55,481:INFO:DecisionTreeClassifier(ccp_alpha=0.0, class_weight=None, criterion='gini',
                       max_depth=None, max_features=None, max_leaf_nodes=None,
                       min_impurity_decrease=0.0, min_impurity_split=None,
                       min_samples_leaf=1, min_samples_split=2,
                       min_weight_fraction_leaf=0.0, presort='deprecated',
                       random_state=123, splitter='best')
2021-04-21 16:21:55,481:INFO:create_model() succesfully completed......................................
2021-04-21 16:21:55,539:INFO:SubProcess create_model() end ==================================
2021-04-21 16:21:55,539:INFO:Creating metrics dataframe
2021-04-21 16:21:55,557:INFO:Initializing SVM - Linear Kernel
2021-04-21 16:21:55,558:INFO:Total runtime is 0.013190170129140217 minutes
2021-04-21 16:21:55,565:INFO:SubProcess create_model() called ==================================
2021-04-21 16:21:55,566:INFO:Initializing create_model()
2021-04-21 16:21:55,566:INFO:create_model(estimator=svm, fold=StratifiedKFold(n_splits=10, random_state=None, shuffle=False), round=4, cross_validation=True, predict=True, fit_kwargs={}, groups=None, refit=False, verbose=False, system=False, metrics=None, display=<pycaret.internal.Display.Display object at 0x0000023B7ABD6C40>, kwargs={})
2021-04-21 16:21:55,566:INFO:Checking exceptions
2021-04-21 16:21:55,566:INFO:Importing libraries
2021-04-21 16:21:55,566:INFO:Copying training dataset
2021-04-21 16:21:55,566:INFO:Defining folds
2021-04-21 16:21:55,567:INFO:Declaring metric variables
2021-04-21 16:21:55,575:INFO:Importing untrained model
2021-04-21 16:21:55,583:INFO:SVM - Linear Kernel Imported succesfully
2021-04-21 16:21:55,599:INFO:Starting cross validation
2021-04-21 16:21:55,599:INFO:Cross validating with StratifiedKFold(n_splits=10, random_state=None, shuffle=False), n_jobs=-1
2021-04-21 16:21:55,662:INFO:Calculating mean and std
2021-04-21 16:21:55,663:INFO:Creating metrics dataframe
2021-04-21 16:21:55,667:INFO:Uploading results into container
2021-04-21 16:21:55,667:INFO:Uploading model into container now
2021-04-21 16:21:55,667:INFO:create_model_container: 5
2021-04-21 16:21:55,667:INFO:master_model_container: 5
2021-04-21 16:21:55,667:INFO:display_container: 2
2021-04-21 16:21:55,667:INFO:SGDClassifier(alpha=0.0001, average=False, class_weight=None,
              early_stopping=False, epsilon=0.1, eta0=0.001, fit_intercept=True,
              l1_ratio=0.15, learning_rate='optimal', loss='hinge',
              max_iter=1000, n_iter_no_change=5, n_jobs=-1, penalty='l2',
              power_t=0.5, random_state=123, shuffle=True, tol=0.001,
              validation_fraction=0.1, verbose=0, warm_start=False)
2021-04-21 16:21:55,667:INFO:create_model() succesfully completed......................................
2021-04-21 16:21:55,726:INFO:SubProcess create_model() end ==================================
2021-04-21 16:21:55,726:INFO:Creating metrics dataframe
2021-04-21 16:21:55,743:INFO:Initializing Ridge Classifier
2021-04-21 16:21:55,744:INFO:Total runtime is 0.01630059480667114 minutes
2021-04-21 16:21:55,752:INFO:SubProcess create_model() called ==================================
2021-04-21 16:21:55,752:INFO:Initializing create_model()
2021-04-21 16:21:55,752:INFO:create_model(estimator=ridge, fold=StratifiedKFold(n_splits=10, random_state=None, shuffle=False), round=4, cross_validation=True, predict=True, fit_kwargs={}, groups=None, refit=False, verbose=False, system=False, metrics=None, display=<pycaret.internal.Display.Display object at 0x0000023B7ABD6C40>, kwargs={})
2021-04-21 16:21:55,752:INFO:Checking exceptions
2021-04-21 16:21:55,753:INFO:Importing libraries
2021-04-21 16:21:55,753:INFO:Copying training dataset
2021-04-21 16:21:55,753:INFO:Defining folds
2021-04-21 16:21:55,753:INFO:Declaring metric variables
2021-04-21 16:21:55,761:INFO:Importing untrained model
2021-04-21 16:21:55,772:INFO:Ridge Classifier Imported succesfully
2021-04-21 16:21:55,788:INFO:Starting cross validation
2021-04-21 16:21:55,789:INFO:Cross validating with StratifiedKFold(n_splits=10, random_state=None, shuffle=False), n_jobs=-1
2021-04-21 16:21:55,841:INFO:Calculating mean and std
2021-04-21 16:21:55,842:INFO:Creating metrics dataframe
2021-04-21 16:21:55,846:INFO:Uploading results into container
2021-04-21 16:21:55,846:INFO:Uploading model into container now
2021-04-21 16:21:55,846:INFO:create_model_container: 6
2021-04-21 16:21:55,846:INFO:master_model_container: 6
2021-04-21 16:21:55,846:INFO:display_container: 2
2021-04-21 16:21:55,846:INFO:RidgeClassifier(alpha=1.0, class_weight=None, copy_X=True, fit_intercept=True,
                max_iter=None, normalize=False, random_state=123, solver='auto',
                tol=0.001)
2021-04-21 16:21:55,846:INFO:create_model() succesfully completed......................................
2021-04-21 16:21:55,906:INFO:SubProcess create_model() end ==================================
2021-04-21 16:21:55,906:INFO:Creating metrics dataframe
2021-04-21 16:21:55,925:INFO:Initializing Random Forest Classifier
2021-04-21 16:21:55,925:INFO:Total runtime is 0.019311213493347166 minutes
2021-04-21 16:21:55,933:INFO:SubProcess create_model() called ==================================
2021-04-21 16:21:55,933:INFO:Initializing create_model()
2021-04-21 16:21:55,933:INFO:create_model(estimator=rf, fold=StratifiedKFold(n_splits=10, random_state=None, shuffle=False), round=4, cross_validation=True, predict=True, fit_kwargs={}, groups=None, refit=False, verbose=False, system=False, metrics=None, display=<pycaret.internal.Display.Display object at 0x0000023B7ABD6C40>, kwargs={})
2021-04-21 16:21:55,933:INFO:Checking exceptions
2021-04-21 16:21:55,934:INFO:Importing libraries
2021-04-21 16:21:55,934:INFO:Copying training dataset
2021-04-21 16:21:55,934:INFO:Defining folds
2021-04-21 16:21:55,934:INFO:Declaring metric variables
2021-04-21 16:21:55,942:INFO:Importing untrained model
2021-04-21 16:21:55,951:INFO:Random Forest Classifier Imported succesfully
2021-04-21 16:21:55,967:INFO:Starting cross validation
2021-04-21 16:21:55,968:INFO:Cross validating with StratifiedKFold(n_splits=10, random_state=None, shuffle=False), n_jobs=-1
2021-04-21 16:21:56,441:INFO:Calculating mean and std
2021-04-21 16:21:56,442:INFO:Creating metrics dataframe
2021-04-21 16:21:56,446:INFO:Uploading results into container
2021-04-21 16:21:56,446:INFO:Uploading model into container now
2021-04-21 16:21:56,446:INFO:create_model_container: 7
2021-04-21 16:21:56,446:INFO:master_model_container: 7
2021-04-21 16:21:56,446:INFO:display_container: 2
2021-04-21 16:21:56,447:INFO:RandomForestClassifier(bootstrap=True, ccp_alpha=0.0, class_weight=None,
                       criterion='gini', max_depth=None, max_features='auto',
                       max_leaf_nodes=None, max_samples=None,
                       min_impurity_decrease=0.0, min_impurity_split=None,
                       min_samples_leaf=1, min_samples_split=2,
                       min_weight_fraction_leaf=0.0, n_estimators=100,
                       n_jobs=-1, oob_score=False, random_state=123, verbose=0,
                       warm_start=False)
2021-04-21 16:21:56,447:INFO:create_model() succesfully completed......................................
2021-04-21 16:21:56,504:INFO:SubProcess create_model() end ==================================
2021-04-21 16:21:56,504:INFO:Creating metrics dataframe
2021-04-21 16:21:56,523:INFO:Initializing Quadratic Discriminant Analysis
2021-04-21 16:21:56,523:INFO:Total runtime is 0.029275019963582352 minutes
2021-04-21 16:21:56,531:INFO:SubProcess create_model() called ==================================
2021-04-21 16:21:56,531:INFO:Initializing create_model()
2021-04-21 16:21:56,531:INFO:create_model(estimator=qda, fold=StratifiedKFold(n_splits=10, random_state=None, shuffle=False), round=4, cross_validation=True, predict=True, fit_kwargs={}, groups=None, refit=False, verbose=False, system=False, metrics=None, display=<pycaret.internal.Display.Display object at 0x0000023B7ABD6C40>, kwargs={})
2021-04-21 16:21:56,531:INFO:Checking exceptions
2021-04-21 16:21:56,532:INFO:Importing libraries
2021-04-21 16:21:56,532:INFO:Copying training dataset
2021-04-21 16:21:56,532:INFO:Defining folds
2021-04-21 16:21:56,532:INFO:Declaring metric variables
2021-04-21 16:21:56,540:INFO:Importing untrained model
2021-04-21 16:21:56,548:INFO:Quadratic Discriminant Analysis Imported succesfully
2021-04-21 16:21:56,565:INFO:Starting cross validation
2021-04-21 16:21:56,565:INFO:Cross validating with StratifiedKFold(n_splits=10, random_state=None, shuffle=False), n_jobs=-1
2021-04-21 16:21:56,626:INFO:Calculating mean and std
2021-04-21 16:21:56,627:INFO:Creating metrics dataframe
2021-04-21 16:21:56,630:INFO:Uploading results into container
2021-04-21 16:21:56,631:INFO:Uploading model into container now
2021-04-21 16:21:56,631:INFO:create_model_container: 8
2021-04-21 16:21:56,631:INFO:master_model_container: 8
2021-04-21 16:21:56,631:INFO:display_container: 2
2021-04-21 16:21:56,631:INFO:QuadraticDiscriminantAnalysis(priors=None, reg_param=0.0,
                              store_covariance=False, tol=0.0001)
2021-04-21 16:21:56,631:INFO:create_model() succesfully completed......................................
2021-04-21 16:21:56,688:INFO:SubProcess create_model() end ==================================
2021-04-21 16:21:56,688:INFO:Creating metrics dataframe
2021-04-21 16:21:56,709:INFO:Initializing Ada Boost Classifier
2021-04-21 16:21:56,709:INFO:Total runtime is 0.03236829042434692 minutes
2021-04-21 16:21:56,717:INFO:SubProcess create_model() called ==================================
2021-04-21 16:21:56,717:INFO:Initializing create_model()
2021-04-21 16:21:56,717:INFO:create_model(estimator=ada, fold=StratifiedKFold(n_splits=10, random_state=None, shuffle=False), round=4, cross_validation=True, predict=True, fit_kwargs={}, groups=None, refit=False, verbose=False, system=False, metrics=None, display=<pycaret.internal.Display.Display object at 0x0000023B7ABD6C40>, kwargs={})
2021-04-21 16:21:56,717:INFO:Checking exceptions
2021-04-21 16:21:56,718:INFO:Importing libraries
2021-04-21 16:21:56,718:INFO:Copying training dataset
2021-04-21 16:21:56,719:INFO:Defining folds
2021-04-21 16:21:56,719:INFO:Declaring metric variables
2021-04-21 16:21:56,727:INFO:Importing untrained model
2021-04-21 16:21:56,735:INFO:Ada Boost Classifier Imported succesfully
2021-04-21 16:21:56,750:INFO:Starting cross validation
2021-04-21 16:21:56,751:INFO:Cross validating with StratifiedKFold(n_splits=10, random_state=None, shuffle=False), n_jobs=-1
2021-04-21 16:21:56,975:INFO:Calculating mean and std
2021-04-21 16:21:56,976:INFO:Creating metrics dataframe
2021-04-21 16:21:56,979:INFO:Uploading results into container
2021-04-21 16:21:56,979:INFO:Uploading model into container now
2021-04-21 16:21:56,979:INFO:create_model_container: 9
2021-04-21 16:21:56,979:INFO:master_model_container: 9
2021-04-21 16:21:56,979:INFO:display_container: 2
2021-04-21 16:21:56,980:INFO:AdaBoostClassifier(algorithm='SAMME.R', base_estimator=None, learning_rate=1.0,
                   n_estimators=50, random_state=123)
2021-04-21 16:21:56,980:INFO:create_model() succesfully completed......................................
2021-04-21 16:21:57,035:INFO:SubProcess create_model() end ==================================
2021-04-21 16:21:57,036:INFO:Creating metrics dataframe
2021-04-21 16:21:57,056:INFO:Initializing Gradient Boosting Classifier
2021-04-21 16:21:57,056:INFO:Total runtime is 0.03815662066141764 minutes
2021-04-21 16:21:57,064:INFO:SubProcess create_model() called ==================================
2021-04-21 16:21:57,064:INFO:Initializing create_model()
2021-04-21 16:21:57,064:INFO:create_model(estimator=gbc, fold=StratifiedKFold(n_splits=10, random_state=None, shuffle=False), round=4, cross_validation=True, predict=True, fit_kwargs={}, groups=None, refit=False, verbose=False, system=False, metrics=None, display=<pycaret.internal.Display.Display object at 0x0000023B7ABD6C40>, kwargs={})
2021-04-21 16:21:57,064:INFO:Checking exceptions
2021-04-21 16:21:57,064:INFO:Importing libraries
2021-04-21 16:21:57,065:INFO:Copying training dataset
2021-04-21 16:21:57,065:INFO:Defining folds
2021-04-21 16:21:57,065:INFO:Declaring metric variables
2021-04-21 16:21:57,074:INFO:Importing untrained model
2021-04-21 16:21:57,081:INFO:Gradient Boosting Classifier Imported succesfully
2021-04-21 16:21:57,098:INFO:Starting cross validation
2021-04-21 16:21:57,098:INFO:Cross validating with StratifiedKFold(n_splits=10, random_state=None, shuffle=False), n_jobs=-1
2021-04-21 16:21:57,289:INFO:Calculating mean and std
2021-04-21 16:21:57,290:INFO:Creating metrics dataframe
2021-04-21 16:21:57,294:INFO:Uploading results into container
2021-04-21 16:21:57,294:INFO:Uploading model into container now
2021-04-21 16:21:57,294:INFO:create_model_container: 10
2021-04-21 16:21:57,294:INFO:master_model_container: 10
2021-04-21 16:21:57,294:INFO:display_container: 2
2021-04-21 16:21:57,294:INFO:GradientBoostingClassifier(ccp_alpha=0.0, criterion='friedman_mse', init=None,
                           learning_rate=0.1, loss='deviance', max_depth=3,
                           max_features=None, max_leaf_nodes=None,
                           min_impurity_decrease=0.0, min_impurity_split=None,
                           min_samples_leaf=1, min_samples_split=2,
                           min_weight_fraction_leaf=0.0, n_estimators=100,
                           n_iter_no_change=None, presort='deprecated',
                           random_state=123, subsample=1.0, tol=0.0001,
                           validation_fraction=0.1, verbose=0,
                           warm_start=False)
2021-04-21 16:21:57,294:INFO:create_model() succesfully completed......................................
2021-04-21 16:21:57,354:INFO:SubProcess create_model() end ==================================
2021-04-21 16:21:57,354:INFO:Creating metrics dataframe
2021-04-21 16:21:57,376:INFO:Initializing Linear Discriminant Analysis
2021-04-21 16:21:57,376:INFO:Total runtime is 0.043495913346608475 minutes
2021-04-21 16:21:57,384:INFO:SubProcess create_model() called ==================================
2021-04-21 16:21:57,385:INFO:Initializing create_model()
2021-04-21 16:21:57,385:INFO:create_model(estimator=lda, fold=StratifiedKFold(n_splits=10, random_state=None, shuffle=False), round=4, cross_validation=True, predict=True, fit_kwargs={}, groups=None, refit=False, verbose=False, system=False, metrics=None, display=<pycaret.internal.Display.Display object at 0x0000023B7ABD6C40>, kwargs={})
2021-04-21 16:21:57,385:INFO:Checking exceptions
2021-04-21 16:21:57,385:INFO:Importing libraries
2021-04-21 16:21:57,385:INFO:Copying training dataset
2021-04-21 16:21:57,386:INFO:Defining folds
2021-04-21 16:21:57,386:INFO:Declaring metric variables
2021-04-21 16:21:57,396:INFO:Importing untrained model
2021-04-21 16:21:57,406:INFO:Linear Discriminant Analysis Imported succesfully
2021-04-21 16:21:57,423:INFO:Starting cross validation
2021-04-21 16:21:57,424:INFO:Cross validating with StratifiedKFold(n_splits=10, random_state=None, shuffle=False), n_jobs=-1
2021-04-21 16:21:57,485:INFO:Calculating mean and std
2021-04-21 16:21:57,486:INFO:Creating metrics dataframe
2021-04-21 16:21:57,489:INFO:Uploading results into container
2021-04-21 16:21:57,490:INFO:Uploading model into container now
2021-04-21 16:21:57,490:INFO:create_model_container: 11
2021-04-21 16:21:57,490:INFO:master_model_container: 11
2021-04-21 16:21:57,490:INFO:display_container: 2
2021-04-21 16:21:57,490:INFO:LinearDiscriminantAnalysis(n_components=None, priors=None, shrinkage=None,
                           solver='svd', store_covariance=False, tol=0.0001)
2021-04-21 16:21:57,490:INFO:create_model() succesfully completed......................................
2021-04-21 16:21:57,554:INFO:SubProcess create_model() end ==================================
2021-04-21 16:21:57,554:INFO:Creating metrics dataframe
2021-04-21 16:21:57,576:INFO:Initializing Extra Trees Classifier
2021-04-21 16:21:57,576:INFO:Total runtime is 0.04682255983352661 minutes
2021-04-21 16:21:57,584:INFO:SubProcess create_model() called ==================================
2021-04-21 16:21:57,584:INFO:Initializing create_model()
2021-04-21 16:21:57,584:INFO:create_model(estimator=et, fold=StratifiedKFold(n_splits=10, random_state=None, shuffle=False), round=4, cross_validation=True, predict=True, fit_kwargs={}, groups=None, refit=False, verbose=False, system=False, metrics=None, display=<pycaret.internal.Display.Display object at 0x0000023B7ABD6C40>, kwargs={})
2021-04-21 16:21:57,584:INFO:Checking exceptions
2021-04-21 16:21:57,584:INFO:Importing libraries
2021-04-21 16:21:57,584:INFO:Copying training dataset
2021-04-21 16:21:57,585:INFO:Defining folds
2021-04-21 16:21:57,585:INFO:Declaring metric variables
2021-04-21 16:21:57,593:INFO:Importing untrained model
2021-04-21 16:21:57,602:INFO:Extra Trees Classifier Imported succesfully
2021-04-21 16:21:57,617:INFO:Starting cross validation
2021-04-21 16:21:57,618:INFO:Cross validating with StratifiedKFold(n_splits=10, random_state=None, shuffle=False), n_jobs=-1
2021-04-21 16:21:58,069:INFO:Calculating mean and std
2021-04-21 16:21:58,070:INFO:Creating metrics dataframe
2021-04-21 16:21:58,073:INFO:Uploading results into container
2021-04-21 16:21:58,074:INFO:Uploading model into container now
2021-04-21 16:21:58,074:INFO:create_model_container: 12
2021-04-21 16:21:58,074:INFO:master_model_container: 12
2021-04-21 16:21:58,074:INFO:display_container: 2
2021-04-21 16:21:58,074:INFO:ExtraTreesClassifier(bootstrap=False, ccp_alpha=0.0, class_weight=None,
                     criterion='gini', max_depth=None, max_features='auto',
                     max_leaf_nodes=None, max_samples=None,
                     min_impurity_decrease=0.0, min_impurity_split=None,
                     min_samples_leaf=1, min_samples_split=2,
                     min_weight_fraction_leaf=0.0, n_estimators=100, n_jobs=-1,
                     oob_score=False, random_state=123, verbose=0,
                     warm_start=False)
2021-04-21 16:21:58,074:INFO:create_model() succesfully completed......................................
2021-04-21 16:21:58,133:INFO:SubProcess create_model() end ==================================
2021-04-21 16:21:58,133:INFO:Creating metrics dataframe
2021-04-21 16:21:58,155:INFO:Initializing Light Gradient Boosting Machine
2021-04-21 16:21:58,155:INFO:Total runtime is 0.05646982987721761 minutes
2021-04-21 16:21:58,162:INFO:SubProcess create_model() called ==================================
2021-04-21 16:21:58,163:INFO:Initializing create_model()
2021-04-21 16:21:58,163:INFO:create_model(estimator=lightgbm, fold=StratifiedKFold(n_splits=10, random_state=None, shuffle=False), round=4, cross_validation=True, predict=True, fit_kwargs={}, groups=None, refit=False, verbose=False, system=False, metrics=None, display=<pycaret.internal.Display.Display object at 0x0000023B7ABD6C40>, kwargs={})
2021-04-21 16:21:58,163:INFO:Checking exceptions
2021-04-21 16:21:58,163:INFO:Importing libraries
2021-04-21 16:21:58,163:INFO:Copying training dataset
2021-04-21 16:21:58,164:INFO:Defining folds
2021-04-21 16:21:58,164:INFO:Declaring metric variables
2021-04-21 16:21:58,171:INFO:Importing untrained model
2021-04-21 16:21:58,180:INFO:Light Gradient Boosting Machine Imported succesfully
2021-04-21 16:21:58,196:INFO:Starting cross validation
2021-04-21 16:21:58,197:INFO:Cross validating with StratifiedKFold(n_splits=10, random_state=None, shuffle=False), n_jobs=-1
2021-04-21 16:21:58,738:INFO:Calculating mean and std
2021-04-21 16:21:58,738:INFO:Creating metrics dataframe
2021-04-21 16:21:58,742:INFO:Uploading results into container
2021-04-21 16:21:58,742:INFO:Uploading model into container now
2021-04-21 16:21:58,742:INFO:create_model_container: 13
2021-04-21 16:21:58,742:INFO:master_model_container: 13
2021-04-21 16:21:58,742:INFO:display_container: 2
2021-04-21 16:21:58,742:INFO:LGBMClassifier(boosting_type='gbdt', class_weight=None, colsample_bytree=1.0,
               importance_type='split', learning_rate=0.1, max_depth=-1,
               min_child_samples=20, min_child_weight=0.001, min_split_gain=0.0,
               n_estimators=100, n_jobs=-1, num_leaves=31, objective=None,
               random_state=123, reg_alpha=0.0, reg_lambda=0.0, silent=True,
               subsample=1.0, subsample_for_bin=200000, subsample_freq=0)
2021-04-21 16:21:58,742:INFO:create_model() succesfully completed......................................
2021-04-21 16:21:58,805:INFO:SubProcess create_model() end ==================================
2021-04-21 16:21:58,806:INFO:Creating metrics dataframe
2021-04-21 16:21:58,847:INFO:Initializing create_model()
2021-04-21 16:21:58,847:INFO:create_model(estimator=LogisticRegression(C=1.0, class_weight=None, dual=False, fit_intercept=True,
                   intercept_scaling=1, l1_ratio=None, max_iter=1000,
                   multi_class='auto', n_jobs=None, penalty='l2',
                   random_state=123, solver='lbfgs', tol=0.0001, verbose=0,
                   warm_start=False), fold=StratifiedKFold(n_splits=10, random_state=None, shuffle=False), round=4, cross_validation=False, predict=False, fit_kwargs={}, groups=None, refit=True, verbose=False, system=False, metrics=None, display=None, kwargs={})
2021-04-21 16:21:58,847:INFO:Checking exceptions
2021-04-21 16:21:58,847:INFO:Importing libraries
2021-04-21 16:21:58,848:INFO:Copying training dataset
2021-04-21 16:21:58,848:INFO:Defining folds
2021-04-21 16:21:58,848:INFO:Declaring metric variables
2021-04-21 16:21:58,848:INFO:Importing untrained model
2021-04-21 16:21:58,848:INFO:Declaring custom model
2021-04-21 16:21:58,849:INFO:Logistic Regression Imported succesfully
2021-04-21 16:21:58,849:INFO:Cross validation set to False
2021-04-21 16:21:58,849:INFO:Fitting Model
2021-04-21 16:21:58,860:INFO:LogisticRegression(C=1.0, class_weight=None, dual=False, fit_intercept=True,
                   intercept_scaling=1, l1_ratio=None, max_iter=1000,
                   multi_class='auto', n_jobs=None, penalty='l2',
                   random_state=123, solver='lbfgs', tol=0.0001, verbose=0,
                   warm_start=False)
2021-04-21 16:21:58,860:INFO:create_models() succesfully completed......................................
2021-04-21 16:21:58,965:INFO:create_model_container: 13
2021-04-21 16:21:58,966:INFO:master_model_container: 13
2021-04-21 16:21:58,966:INFO:display_container: 2
2021-04-21 16:21:58,966:INFO:LogisticRegression(C=1.0, class_weight=None, dual=False, fit_intercept=True,
                   intercept_scaling=1, l1_ratio=None, max_iter=1000,
                   multi_class='auto', n_jobs=None, penalty='l2',
                   random_state=123, solver='lbfgs', tol=0.0001, verbose=0,
                   warm_start=False)
2021-04-21 16:21:58,966:INFO:compare_models() succesfully completed......................................
2021-04-21 16:25:49,704:INFO:Initializing create_model()
2021-04-21 16:25:49,704:INFO:create_model(estimator=lr, fold=None, round=4, cross_validation=True, predict=True, fit_kwargs=None, groups=None, refit=True, verbose=True, system=True, metrics=None, display=None, kwargs={})
2021-04-21 16:25:49,704:INFO:Checking exceptions
2021-04-21 16:25:49,704:INFO:Preparing display monitor
2021-04-21 16:25:49,725:INFO:Importing libraries
2021-04-21 16:25:49,725:INFO:Copying training dataset
2021-04-21 16:25:49,726:INFO:Defining folds
2021-04-21 16:25:49,726:INFO:Declaring metric variables
2021-04-21 16:25:49,733:INFO:Importing untrained model
2021-04-21 16:25:49,745:INFO:Logistic Regression Imported succesfully
2021-04-21 16:25:49,761:INFO:Starting cross validation
2021-04-21 16:25:49,761:INFO:Cross validating with StratifiedKFold(n_splits=10, random_state=None, shuffle=False), n_jobs=-1
2021-04-21 16:25:49,826:INFO:Calculating mean and std
2021-04-21 16:25:49,827:INFO:Creating metrics dataframe
2021-04-21 16:25:49,837:INFO:Finalizing model
2021-04-21 16:25:49,847:INFO:Uploading results into container
2021-04-21 16:25:49,847:INFO:Uploading model into container now
2021-04-21 16:25:49,862:INFO:create_model_container: 14
2021-04-21 16:25:49,862:INFO:master_model_container: 14
2021-04-21 16:25:49,862:INFO:display_container: 3
2021-04-21 16:25:49,863:INFO:LogisticRegression(C=1.0, class_weight=None, dual=False, fit_intercept=True,
                   intercept_scaling=1, l1_ratio=None, max_iter=1000,
                   multi_class='auto', n_jobs=None, penalty='l2',
                   random_state=123, solver='lbfgs', tol=0.0001, verbose=0,
                   warm_start=False)
2021-04-21 16:25:49,863:INFO:create_model() succesfully completed......................................
2021-04-21 16:26:33,238:INFO:Initializing evaluate_model()
2021-04-21 16:26:33,238:INFO:evaluate_model(estimator=LogisticRegression(C=1.0, class_weight=None, dual=False, fit_intercept=True,
                   intercept_scaling=1, l1_ratio=None, max_iter=1000,
                   multi_class='auto', n_jobs=None, penalty='l2',
                   random_state=123, solver='lbfgs', tol=0.0001, verbose=0,
                   warm_start=False), fold=None, fit_kwargs=None, feature_name=None, groups=None, use_train_data=False)
2021-04-21 16:26:33,259:INFO:Initializing plot_model()
2021-04-21 16:26:33,259:INFO:plot_model(plot=parameter, fold=StratifiedKFold(n_splits=10, random_state=None, shuffle=False), use_train_data=False, verbose=True, is_in_evaluate=True, display=None, display_format=None, estimator=LogisticRegression(C=1.0, class_weight=None, dual=False, fit_intercept=True,
                   intercept_scaling=1, l1_ratio=None, max_iter=1000,
                   multi_class='auto', n_jobs=None, penalty='l2',
                   random_state=123, solver='lbfgs', tol=0.0001, verbose=0,
                   warm_start=False), feature_name=None, fit_kwargs={}, groups=None, label=False, save=False, scale=1, system=True)
2021-04-21 16:26:33,259:INFO:Checking exceptions
2021-04-21 16:26:33,260:INFO:Preparing display monitor
2021-04-21 16:26:33,266:INFO:Preloading libraries
2021-04-21 16:26:33,268:INFO:Copying training dataset
2021-04-21 16:26:33,268:INFO:Copying test dataset
2021-04-21 16:26:33,268:INFO:Plot type: parameter
2021-04-21 16:26:33,364:INFO:Visual Rendered Successfully
2021-04-21 16:26:33,450:INFO:plot_model() succesfully completed......................................
2021-04-21 16:26:41,075:INFO:Initializing plot_model()
2021-04-21 16:26:41,075:INFO:plot_model(plot=learning, fold=StratifiedKFold(n_splits=10, random_state=None, shuffle=False), use_train_data=False, verbose=True, is_in_evaluate=True, display=None, display_format=None, estimator=LogisticRegression(C=1.0, class_weight=None, dual=False, fit_intercept=True,
                   intercept_scaling=1, l1_ratio=None, max_iter=1000,
                   multi_class='auto', n_jobs=None, penalty='l2',
                   random_state=123, solver='lbfgs', tol=0.0001, verbose=0,
                   warm_start=False), feature_name=None, fit_kwargs={}, groups=None, label=False, save=False, scale=1, system=True)
2021-04-21 16:26:41,075:INFO:Checking exceptions
2021-04-21 16:26:41,076:INFO:Preparing display monitor
2021-04-21 16:26:41,082:INFO:Preloading libraries
2021-04-21 16:26:41,083:INFO:Copying training dataset
2021-04-21 16:26:41,083:INFO:Copying test dataset
2021-04-21 16:26:41,084:INFO:Plot type: learning
2021-04-21 16:26:41,095:INFO:Fitting Model
2021-04-21 16:26:41,576:INFO:Visual Rendered Successfully
2021-04-21 16:26:41,660:INFO:plot_model() succesfully completed......................................
2021-04-21 16:26:49,089:INFO:Initializing plot_model()
2021-04-21 16:26:49,089:INFO:plot_model(plot=feature, fold=StratifiedKFold(n_splits=10, random_state=None, shuffle=False), use_train_data=False, verbose=True, is_in_evaluate=True, display=None, display_format=None, estimator=LogisticRegression(C=1.0, class_weight=None, dual=False, fit_intercept=True,
                   intercept_scaling=1, l1_ratio=None, max_iter=1000,
                   multi_class='auto', n_jobs=None, penalty='l2',
                   random_state=123, solver='lbfgs', tol=0.0001, verbose=0,
                   warm_start=False), feature_name=None, fit_kwargs={}, groups=None, label=False, save=False, scale=1, system=True)
2021-04-21 16:26:49,089:INFO:Checking exceptions
2021-04-21 16:26:49,090:INFO:Preparing display monitor
2021-04-21 16:26:49,097:INFO:Preloading libraries
2021-04-21 16:26:49,098:INFO:Copying training dataset
2021-04-21 16:26:49,099:INFO:Copying test dataset
2021-04-21 16:26:49,099:INFO:Plot type: feature
2021-04-21 16:26:49,270:INFO:Visual Rendered Successfully
2021-04-21 16:26:49,369:INFO:plot_model() succesfully completed......................................
2021-04-21 16:29:22,195:INFO:Initializing plot_model()
2021-04-21 16:29:22,195:INFO:plot_model(plot=auc, fold=StratifiedKFold(n_splits=10, random_state=None, shuffle=False), use_train_data=False, verbose=True, is_in_evaluate=True, display=None, display_format=None, estimator=LogisticRegression(C=1.0, class_weight=None, dual=False, fit_intercept=True,
                   intercept_scaling=1, l1_ratio=None, max_iter=1000,
                   multi_class='auto', n_jobs=None, penalty='l2',
                   random_state=123, solver='lbfgs', tol=0.0001, verbose=0,
                   warm_start=False), feature_name=None, fit_kwargs={}, groups=None, label=False, save=False, scale=1, system=True)
2021-04-21 16:29:22,195:INFO:Checking exceptions
2021-04-21 16:29:22,196:INFO:Preparing display monitor
2021-04-21 16:29:22,202:INFO:Preloading libraries
2021-04-21 16:29:22,204:INFO:Copying training dataset
2021-04-21 16:29:22,204:INFO:Copying test dataset
2021-04-21 16:29:22,204:INFO:Plot type: auc
2021-04-21 16:29:22,206:INFO:Fitting Model
2021-04-21 16:29:22,207:INFO:Scoring test/hold-out set
2021-04-21 16:29:22,412:INFO:Visual Rendered Successfully
2021-04-21 16:29:22,513:INFO:plot_model() succesfully completed......................................
2021-04-21 16:29:25,602:INFO:Initializing plot_model()
2021-04-21 16:29:25,602:INFO:plot_model(plot=confusion_matrix, fold=StratifiedKFold(n_splits=10, random_state=None, shuffle=False), use_train_data=False, verbose=True, is_in_evaluate=True, display=None, display_format=None, estimator=LogisticRegression(C=1.0, class_weight=None, dual=False, fit_intercept=True,
                   intercept_scaling=1, l1_ratio=None, max_iter=1000,
                   multi_class='auto', n_jobs=None, penalty='l2',
                   random_state=123, solver='lbfgs', tol=0.0001, verbose=0,
                   warm_start=False), feature_name=None, fit_kwargs={}, groups=None, label=False, save=False, scale=1, system=True)
2021-04-21 16:29:25,602:INFO:Checking exceptions
2021-04-21 16:29:25,603:INFO:Preparing display monitor
2021-04-21 16:29:25,611:INFO:Preloading libraries
2021-04-21 16:29:25,612:INFO:Copying training dataset
2021-04-21 16:29:25,612:INFO:Copying test dataset
2021-04-21 16:29:25,613:INFO:Plot type: confusion_matrix
2021-04-21 16:29:25,614:INFO:Fitting Model
2021-04-21 16:29:25,615:INFO:Scoring test/hold-out set
2021-04-21 16:29:25,738:INFO:Visual Rendered Successfully
2021-04-21 16:29:25,820:INFO:plot_model() succesfully completed......................................
2021-04-21 16:29:29,827:INFO:Initializing plot_model()
2021-04-21 16:29:29,827:INFO:plot_model(plot=threshold, fold=StratifiedKFold(n_splits=10, random_state=None, shuffle=False), use_train_data=False, verbose=True, is_in_evaluate=True, display=None, display_format=None, estimator=LogisticRegression(C=1.0, class_weight=None, dual=False, fit_intercept=True,
                   intercept_scaling=1, l1_ratio=None, max_iter=1000,
                   multi_class='auto', n_jobs=None, penalty='l2',
                   random_state=123, solver='lbfgs', tol=0.0001, verbose=0,
                   warm_start=False), feature_name=None, fit_kwargs={}, groups=None, label=False, save=False, scale=1, system=True)
2021-04-21 16:29:29,827:INFO:Checking exceptions
2021-04-21 16:29:29,828:INFO:Preparing display monitor
2021-04-21 16:29:29,834:INFO:Preloading libraries
2021-04-21 16:29:29,835:INFO:Copying training dataset
2021-04-21 16:29:29,836:INFO:Copying test dataset
2021-04-21 16:29:29,836:INFO:Plot type: threshold
2021-04-21 16:29:29,837:INFO:Fitting Model
2021-04-21 16:29:30,396:INFO:Scoring test/hold-out set
2021-04-21 16:29:30,808:INFO:Visual Rendered Successfully
2021-04-21 16:29:30,897:INFO:plot_model() succesfully completed......................................
2021-04-21 16:29:33,796:INFO:Initializing plot_model()
2021-04-21 16:29:33,796:INFO:plot_model(plot=pr, fold=StratifiedKFold(n_splits=10, random_state=None, shuffle=False), use_train_data=False, verbose=True, is_in_evaluate=True, display=None, display_format=None, estimator=LogisticRegression(C=1.0, class_weight=None, dual=False, fit_intercept=True,
                   intercept_scaling=1, l1_ratio=None, max_iter=1000,
                   multi_class='auto', n_jobs=None, penalty='l2',
                   random_state=123, solver='lbfgs', tol=0.0001, verbose=0,
                   warm_start=False), feature_name=None, fit_kwargs={}, groups=None, label=False, save=False, scale=1, system=True)
2021-04-21 16:29:33,796:INFO:Checking exceptions
2021-04-21 16:29:33,797:INFO:Preparing display monitor
2021-04-21 16:29:33,804:INFO:Preloading libraries
2021-04-21 16:29:33,805:INFO:Copying training dataset
2021-04-21 16:29:33,805:INFO:Copying test dataset
2021-04-21 16:29:33,805:INFO:Plot type: pr
2021-04-21 16:29:33,806:INFO:Fitting Model
2021-04-21 16:29:33,807:INFO:Scoring test/hold-out set
2021-04-21 16:29:33,979:INFO:Visual Rendered Successfully
2021-04-21 16:29:34,066:INFO:plot_model() succesfully completed......................................
2021-04-21 16:29:53,758:INFO:Initializing predict_model()
2021-04-21 16:29:53,759:INFO:predict_model(estimator=LogisticRegression(C=1.0, class_weight=None, dual=False, fit_intercept=True,
                   intercept_scaling=1, l1_ratio=None, max_iter=1000,
                   multi_class='auto', n_jobs=None, penalty='l2',
                   random_state=123, solver='lbfgs', tol=0.0001, verbose=0,
                   warm_start=False), probability_threshold=None, encoded_labels=False, raw_score=False, round=4, verbose=True, ml_usecase=MLUsecase.CLASSIFICATION, display=None)
2021-04-21 16:29:53,759:INFO:Checking exceptions
2021-04-21 16:29:53,759:INFO:Preloading libraries
2021-04-21 16:29:53,759:INFO:Preparing display monitor
2021-04-21 16:31:03,964:INFO:Initializing save_model()
2021-04-21 16:31:03,964:INFO:save_model(model=LogisticRegression(C=1.0, class_weight=None, dual=False, fit_intercept=True,
                   intercept_scaling=1, l1_ratio=None, max_iter=1000,
                   multi_class='auto', n_jobs=None, penalty='l2',
                   random_state=123, solver='lbfgs', tol=0.0001, verbose=0,
                   warm_start=False), model_name=Logis_Reg_model, prep_pipe_=Pipeline(memory=None,
         steps=[('dtypes',
                 DataTypes_Auto_infer(categorical_features=[],
                                      display_types=True, features_todrop=[],
                                      id_columns=['Unnamed: 0'],
                                      ml_usecase='classification',
                                      numerical_features=[],
                                      target='Loan_Status', time_features=[])),
                ('imputer',
                 Simple_Imputer(categorical_strategy='not_available',
                                fill_value_categorical=None,
                                fill_value_numerical=No...
                                                  target='Loan_Status')),
                ('binn', 'passthrough'), ('rem_outliers', 'passthrough'),
                ('cluster_all', 'passthrough'),
                ('dummy', Dummify(target='Loan_Status')),
                ('fix_perfect', Remove_100(target='Loan_Status')),
                ('clean_names', Clean_Colum_Names()),
                ('feature_select', 'passthrough'), ('fix_multi', 'passthrough'),
                ('dfs', 'passthrough'), ('pca', 'passthrough')],
         verbose=False), verbose=True)
2021-04-21 16:31:03,964:INFO:Adding model into prep_pipe
2021-04-21 16:31:03,977:INFO:Logis_Reg_model.pkl saved in current working directory
2021-04-21 16:31:03,984:INFO:Pipeline(memory=None,
         steps=[('dtypes',
                 DataTypes_Auto_infer(categorical_features=[],
                                      display_types=True, features_todrop=[],
                                      id_columns=['Unnamed: 0'],
                                      ml_usecase='classification',
                                      numerical_features=[],
                                      target='Loan_Status', time_features=[])),
                ('imputer',
                 Simple_Imputer(categorical_strategy='not_available',
                                fill_value_categorical=None,
                                fill_value_numerical=No...
                ('feature_select', 'passthrough'), ('fix_multi', 'passthrough'),
                ('dfs', 'passthrough'), ('pca', 'passthrough'),
                ['trained_model',
                 LogisticRegression(C=1.0, class_weight=None, dual=False,
                                    fit_intercept=True, intercept_scaling=1,
                                    l1_ratio=None, max_iter=1000,
                                    multi_class='auto', n_jobs=None,
                                    penalty='l2', random_state=123,
                                    solver='lbfgs', tol=0.0001, verbose=0,
                                    warm_start=False)]],
         verbose=False)
2021-04-21 16:31:03,984:INFO:save_model() succesfully completed......................................
2021-04-21 16:31:58,283:INFO:Initializing plot_model()
2021-04-21 16:31:58,283:INFO:plot_model(plot=tree, fold=StratifiedKFold(n_splits=10, random_state=None, shuffle=False), use_train_data=False, verbose=True, is_in_evaluate=True, display=None, display_format=None, estimator=LogisticRegression(C=1.0, class_weight=None, dual=False, fit_intercept=True,
                   intercept_scaling=1, l1_ratio=None, max_iter=1000,
                   multi_class='auto', n_jobs=None, penalty='l2',
                   random_state=123, solver='lbfgs', tol=0.0001, verbose=0,
                   warm_start=False), feature_name=None, fit_kwargs={}, groups=None, label=False, save=False, scale=1, system=True)
2021-04-21 16:31:58,283:INFO:Checking exceptions
2021-04-21 16:32:02,126:INFO:Initializing plot_model()
2021-04-21 16:32:02,127:INFO:plot_model(plot=rfe, fold=StratifiedKFold(n_splits=10, random_state=None, shuffle=False), use_train_data=False, verbose=True, is_in_evaluate=True, display=None, display_format=None, estimator=LogisticRegression(C=1.0, class_weight=None, dual=False, fit_intercept=True,
                   intercept_scaling=1, l1_ratio=None, max_iter=1000,
                   multi_class='auto', n_jobs=None, penalty='l2',
                   random_state=123, solver='lbfgs', tol=0.0001, verbose=0,
                   warm_start=False), feature_name=None, fit_kwargs={}, groups=None, label=False, save=False, scale=1, system=True)
2021-04-21 16:32:02,127:INFO:Checking exceptions
2021-04-21 16:32:02,127:INFO:Preparing display monitor
2021-04-21 16:32:02,134:INFO:Preloading libraries
2021-04-21 16:32:02,136:INFO:Copying training dataset
2021-04-21 16:32:02,136:INFO:Copying test dataset
2021-04-21 16:32:02,136:INFO:Plot type: rfe
2021-04-21 16:32:02,138:INFO:Fitting Model
2021-04-21 16:32:10,402:INFO:Visual Rendered Successfully
2021-04-21 16:32:10,484:INFO:plot_model() succesfully completed......................................
2021-04-21 16:32:10,492:INFO:Initializing plot_model()
2021-04-21 16:32:10,493:INFO:plot_model(plot=calibration, fold=StratifiedKFold(n_splits=10, random_state=None, shuffle=False), use_train_data=False, verbose=True, is_in_evaluate=True, display=None, display_format=None, estimator=LogisticRegression(C=1.0, class_weight=None, dual=False, fit_intercept=True,
                   intercept_scaling=1, l1_ratio=None, max_iter=1000,
                   multi_class='auto', n_jobs=None, penalty='l2',
                   random_state=123, solver='lbfgs', tol=0.0001, verbose=0,
                   warm_start=False), feature_name=None, fit_kwargs={}, groups=None, label=False, save=False, scale=1, system=True)
2021-04-21 16:32:10,493:INFO:Checking exceptions
2021-04-21 16:32:10,494:INFO:Preparing display monitor
2021-04-21 16:32:10,500:INFO:Preloading libraries
2021-04-21 16:32:10,501:INFO:Copying training dataset
2021-04-21 16:32:10,501:INFO:Copying test dataset
2021-04-21 16:32:10,501:INFO:Plot type: calibration
2021-04-21 16:32:10,517:INFO:Scoring test/hold-out set
2021-04-21 16:32:10,672:INFO:Visual Rendered Successfully
2021-04-21 16:32:10,755:INFO:plot_model() succesfully completed......................................
2021-04-21 16:32:17,327:INFO:Initializing plot_model()
2021-04-21 16:32:17,327:INFO:plot_model(plot=vc, fold=StratifiedKFold(n_splits=10, random_state=None, shuffle=False), use_train_data=False, verbose=True, is_in_evaluate=True, display=None, display_format=None, estimator=LogisticRegression(C=1.0, class_weight=None, dual=False, fit_intercept=True,
                   intercept_scaling=1, l1_ratio=None, max_iter=1000,
                   multi_class='auto', n_jobs=None, penalty='l2',
                   random_state=123, solver='lbfgs', tol=0.0001, verbose=0,
                   warm_start=False), feature_name=None, fit_kwargs={}, groups=None, label=False, save=False, scale=1, system=True)
2021-04-21 16:32:17,327:INFO:Checking exceptions
2021-04-21 16:32:17,327:INFO:Preparing display monitor
2021-04-21 16:32:17,335:INFO:Preloading libraries
2021-04-21 16:32:17,336:INFO:Copying training dataset
2021-04-21 16:32:17,336:INFO:Copying test dataset
2021-04-21 16:32:17,336:INFO:Plot type: vc
2021-04-21 16:32:17,337:INFO:Determining param_name
2021-04-21 16:32:17,337:INFO:param_name: actual_estimator__l1_ratio
2021-04-21 16:32:17,338:INFO:Fitting Model
2021-04-21 16:32:25,086:INFO:Visual Rendered Successfully
2021-04-21 16:32:25,174:INFO:plot_model() succesfully completed......................................
2021-04-21 16:48:58,528:INFO:Initializing load_model()
2021-04-21 16:48:58,528:INFO:load_model(model_name=Logis_Reg_model, platform=None, authentication=None, verbose=True)
2021-04-21 16:49:10,951:INFO:Initializing load_model()
2021-04-21 16:49:10,952:INFO:load_model(model_name=Logis_Reg_model, platform=None, authentication=None, verbose=True)
2021-04-21 16:49:12,418:INFO:Initializing load_model()
2021-04-21 16:49:12,418:INFO:load_model(model_name=Logis_Reg_model, platform=None, authentication=None, verbose=True)
2021-04-21 16:49:12,453:INFO:Initializing predict_model()
2021-04-21 16:49:12,453:INFO:predict_model(estimator=Pipeline(steps=[('dtypes',
                 DataTypes_Auto_infer(id_columns=['Unnamed: 0'],
                                      ml_usecase='classification',
                                      target='Loan_Status')),
                ('imputer',
                 Simple_Imputer(categorical_strategy='not_available',
                                fill_value_categorical=None,
                                fill_value_numerical=None,
                                numeric_strategy='mean',
                                target_variable=None)),
                ('new_levels1',
                 New_Catagorical_Levels_in_TestData(replacement_s...
                ('binn', 'passthrough'), ('rem_outliers', 'passthrough'),
                ('cluster_all', 'passthrough'),
                ('dummy', Dummify(target='Loan_Status')),
                ('fix_perfect', Remove_100(target='Loan_Status')),
                ('clean_names', Clean_Colum_Names()),
                ('feature_select', 'passthrough'), ('fix_multi', 'passthrough'),
                ('dfs', 'passthrough'), ('pca', 'passthrough'),
                ['trained_model',
                 LogisticRegression(max_iter=1000, random_state=123)]]), probability_threshold=None, encoded_labels=False, raw_score=False, round=4, verbose=True, ml_usecase=MLUsecase.CLASSIFICATION, display=None)
2021-04-21 16:49:12,454:INFO:Checking exceptions
2021-04-21 16:49:12,455:INFO:Preloading libraries
2021-04-21 16:49:28,928:INFO:Initializing load_model()
2021-04-21 16:49:28,928:INFO:load_model(model_name=Logis_Reg_model, platform=None, authentication=None, verbose=True)
2021-04-21 16:49:31,918:INFO:Initializing load_model()
2021-04-21 16:49:31,919:INFO:load_model(model_name=Logis_Reg_model, platform=None, authentication=None, verbose=True)
2021-04-21 16:49:31,949:INFO:Initializing predict_model()
2021-04-21 16:49:31,949:INFO:predict_model(estimator=Pipeline(steps=[('dtypes',
                 DataTypes_Auto_infer(id_columns=['Unnamed: 0'],
                                      ml_usecase='classification',
                                      target='Loan_Status')),
                ('imputer',
                 Simple_Imputer(categorical_strategy='not_available',
                                fill_value_categorical=None,
                                fill_value_numerical=None,
                                numeric_strategy='mean',
                                target_variable=None)),
                ('new_levels1',
                 New_Catagorical_Levels_in_TestData(replacement_s...
                ('binn', 'passthrough'), ('rem_outliers', 'passthrough'),
                ('cluster_all', 'passthrough'),
                ('dummy', Dummify(target='Loan_Status')),
                ('fix_perfect', Remove_100(target='Loan_Status')),
                ('clean_names', Clean_Colum_Names()),
                ('feature_select', 'passthrough'), ('fix_multi', 'passthrough'),
                ('dfs', 'passthrough'), ('pca', 'passthrough'),
                ['trained_model',
                 LogisticRegression(max_iter=1000, random_state=123)]]), probability_threshold=None, encoded_labels=False, raw_score=False, round=4, verbose=True, ml_usecase=MLUsecase.CLASSIFICATION, display=None)
2021-04-21 16:49:31,951:INFO:Checking exceptions
2021-04-21 16:49:31,953:INFO:Preloading libraries
